#
# A fatal error has been detected by the Java Runtime Environment:
#
#  EXCEPTION_UNCAUGHT_CXX_EXCEPTION (0xe06d7363) at pc=0x00007ff8cdd65549, pid=18312, tid=0x000000000000243c
#
# JRE version: Java(TM) SE Runtime Environment (8.0_181-b13) (build 1.8.0_181-b13)
# Java VM: Java HotSpot(TM) 64-Bit Server VM (25.181-b13 mixed mode windows-amd64 compressed oops)
# Problematic frame:
# C  [KERNELBASE.dll+0x55549]
#
# Failed to write core dump. Minidumps are not enabled by default on client versions of Windows
#
# If you would like to submit a bug report, please visit:
#   http://bugreport.java.com/bugreport/crash.jsp
# The crash happened outside the Java Virtual Machine in native code.
# See problematic frame for where to report the bug.
#

---------------  T H R E A D  ---------------

Current thread (0x000000001fd74000):  JavaThread "AWT-EventQueue-0" [_thread_in_native, id=9276, stack(0x0000000022570000,0x0000000022670000)]

siginfo: ExceptionCode=0xe06d7363, ExceptionInformation=0x0000000019930520 0x000000002266dec0 0x00007ff8c7161b38 0x00007ff8c7140000 

Registers:
RAX=0x000000006a82ed95, RBX=0x00007ff8c7161b38, RCX=0x0000000002d756d0, RDX=0x0000000000000000
RSP=0x000000002266dd20, RBP=0x000000002266de60, RSI=0x000000001e88ccf0, RDI=0x000000002266dec0
R8 =0x000000006a7167db, R9 =0x00000007c0000208, R10=0x000000002266d6e0, R11=0x000000002266d6a0
R12=0x0000000000000000, R13=0x0000000023afdf00, R14=0x000000002266e058, R15=0x000000001fd74000
RIP=0x00007ff8cdd65549, EFLAGS=0x0000000000000202

Top of Stack: (sp=0x000000002266dd20)
0x000000002266dd20:   000000001fd74000 00007ff8c7161b38
0x000000002266dd30:   000000001e88ccf0 000000002266dec0
0x000000002266dd40:   00000001e06d7363 0000000000000000
0x000000002266dd50:   00007ff8cdd65549 0000000000000004
0x000000002266dd60:   0000000019930520 000000002266dec0
0x000000002266dd70:   00007ff8c7161b38 00007ff8c7140000
0x000000002266dd80:   0000000023afdf00 0000000000000000
0x000000002266dd90:   000000002266dec0 000000001e88ccf0
0x000000002266dda0:   000000002266de60 00007ff8d10848af
0x000000002266ddb0:   000000002266de70 0000000000000000
0x000000002266ddc0:   0000000000000000 00007ff8c7150d72
0x000000002266ddd0:   00007ff8c7178000 00007ff8c7140000
0x000000002266dde0:   0000e95e7061b7f5 0000000000000009
0x000000002266ddf0:   00007ff8c7161b38 00007ff8be46ef53
0x000000002266de00:   000000001fc32260 000000002266dec0
0x000000002266de10:   0000000000000000 000000001e88cd00 

Instructions: (pc=0x00007ff8cdd65549)
0x00007ff8cdd65529:   8b d1 44 0f 47 c0 44 89 44 24 38 49 c1 e0 03 e8
0x00007ff8cdd65539:   3a 44 03 00 48 8d 4c 24 20 48 ff 15 6f 5d 14 00
0x00007ff8cdd65549:   0f 1f 44 00 00 48 8b 8c 24 c0 00 00 00 48 33 cc
0x00007ff8cdd65559:   e8 12 10 03 00 48 81 c4 d8 00 00 00 c3 83 64 24 


Register to memory mapping:

RAX=0x000000006a82ed95 is an unknown value
RBX=0x00007ff8c7161b38 is an unknown value
RCX=0x0000000002d756d0 is at code_begin+-80 in 
[CodeBlob (0x0000000002d756d0)]
Framesize: 0
BufferBlob (0x0000000002d756d0) used for Interpreter
RDX=0x0000000000000000 is an unknown value
RSP=0x000000002266dd20 is pointing into the stack for thread: 0x000000001fd74000
RBP=0x000000002266de60 is pointing into the stack for thread: 0x000000001fd74000
RSI=0x000000001e88ccf0 is an unknown value
RDI=0x000000002266dec0 is pointing into the stack for thread: 0x000000001fd74000
R8 =0x000000006a7167db is an unknown value
R9 =0x00000007c0000208 is pointing into metadata
R10=0x000000002266d6e0 is pointing into the stack for thread: 0x000000001fd74000
R11=0x000000002266d6a0 is pointing into the stack for thread: 0x000000001fd74000
R12=0x0000000000000000 is an unknown value
R13={method} {0x0000000023afdf08} 'Controller_addListener' '(JLcom/leapmotion/leap/Controller;JLcom/leapmotion/leap/Listener;)Z' in 'com/leapmotion/leap/LeapJNI'
R14=0x000000002266e058 is pointing into the stack for thread: 0x000000001fd74000
R15=0x000000001fd74000 is a thread


Stack: [0x0000000022570000,0x0000000022670000],  sp=0x000000002266dd20,  free space=1015k
Native frames: (J=compiled Java code, j=interpreted, Vv=VM code, C=native code)
C  [KERNELBASE.dll+0x55549]
C  [MSVCR120.dll+0x5ef53]
C  [LeapJava.dll+0x1c48]
C  [Leap.dll+0x18739]
C  0x0000000002d88c67

Java frames: (J=compiled Java code, j=interpreted, Vv=VM code)
j  com.leapmotion.leap.LeapJNI.Controller_addListener(JLcom/leapmotion/leap/Controller;JLcom/leapmotion/leap/Listener;)Z+0
j  com.leapmotion.leap.Controller.addListener(Lcom/leapmotion/leap/Listener;)Z+10
j  popbl3.PacienteFrame.<init>(Lpopbl3/Paciente;)V+266
j  popbl3.MainFrame$1.run()V+11
J 1482 C1 java.awt.event.InvocationEvent.dispatch()V (69 bytes) @ 0x000000000323c7d4 [0x000000000323c5c0+0x214]
j  java.awt.EventQueue.dispatchEventImpl(Ljava/awt/AWTEvent;Ljava/lang/Object;)V+21
J 1415 C1 java.awt.EventQueue$3.run()Ljava/lang/Void; (60 bytes) @ 0x000000000321535c [0x0000000003215140+0x21c]
J 1414 C1 java.awt.EventQueue$3.run()Ljava/lang/Object; (5 bytes) @ 0x0000000003215a4c [0x00000000032159c0+0x8c]
v  ~StubRoutines::call_stub
J 1041  java.security.AccessController.doPrivileged(Ljava/security/PrivilegedAction;Ljava/security/AccessControlContext;)Ljava/lang/Object; (0 bytes) @ 0x00000000031292e6 [0x0000000003129280+0x66]
J 1410 C1 java.awt.EventQueue.dispatchEvent(Ljava/awt/AWTEvent;)V (80 bytes) @ 0x00000000032172ec [0x0000000003216940+0x9ac]
J 1420 C1 java.awt.EventDispatchThread.pumpOneEventForFilters(I)V (190 bytes) @ 0x000000000321cbdc [0x000000000321ba80+0x115c]
j  java.awt.EventDispatchThread.pumpEventsForFilter(ILjava/awt/Conditional;Ljava/awt/EventFilter;)V+35
j  java.awt.EventDispatchThread.pumpEventsForHierarchy(ILjava/awt/Conditional;Ljava/awt/Component;)V+11
j  java.awt.EventDispatchThread.pumpEvents(ILjava/awt/Conditional;)V+4
j  java.awt.EventDispatchThread.pumpEvents(Ljava/awt/Conditional;)V+3
j  java.awt.EventDispatchThread.run()V+9
v  ~StubRoutines::call_stub

---------------  P R O C E S S  ---------------

Java Threads: ( => current thread )
  0x000000001fd23800 JavaThread "J3D-Renderer-1" [_thread_blocked, id=13076, stack(0x0000000023fd0000,0x00000000240d0000)]
  0x000000001fd25800 JavaThread "J3D-MasterControl-1" [_thread_blocked, id=9660, stack(0x0000000023ed0000,0x0000000023fd0000)]
  0x000000001fb03000 JavaThread "J3D-NotificationThread" [_thread_blocked, id=16864, stack(0x0000000023dd0000,0x0000000023ed0000)]
  0x000000001fa19800 JavaThread "J3D-TimerThread" [_thread_blocked, id=15948, stack(0x0000000023cd0000,0x0000000023dd0000)]
  0x000000001fd2d800 JavaThread "J3D-RenderingAttributesStructureUpdateThread" [_thread_blocked, id=19016, stack(0x0000000023bd0000,0x0000000023cd0000)]
  0x00000000215c8800 JavaThread "TimerQueue" daemon [_thread_blocked, id=5636, stack(0x0000000023870000,0x0000000023970000)]
  0x0000000002b3e800 JavaThread "DestroyJavaVM" [_thread_blocked, id=18916, stack(0x0000000002b60000,0x0000000002c60000)]
  0x000000001fe60000 JavaThread "Image Fetcher 3" daemon [_thread_blocked, id=13116, stack(0x0000000022970000,0x0000000022a70000)]
  0x000000001fc3f800 JavaThread "Laf-Widget fade tracker" [_thread_blocked, id=14524, stack(0x0000000022870000,0x0000000022970000)]
=>0x000000001fd74000 JavaThread "AWT-EventQueue-0" [_thread_in_native, id=9276, stack(0x0000000022570000,0x0000000022670000)]
  0x000000001f6b3800 JavaThread "AWT-Shutdown" [_thread_blocked, id=13516, stack(0x0000000022470000,0x0000000022570000)]
  0x000000001f767000 JavaThread "AWT-Windows" daemon [_thread_in_native, id=16392, stack(0x0000000020080000,0x0000000020180000)]
  0x000000001f759000 JavaThread "Java2D Disposer" daemon [_thread_blocked, id=10820, stack(0x000000001fe80000,0x000000001ff80000)]
  0x000000001e7b2800 JavaThread "Service Thread" daemon [_thread_blocked, id=12752, stack(0x000000001f320000,0x000000001f420000)]
  0x000000001e72b800 JavaThread "C1 CompilerThread3" daemon [_thread_blocked, id=11736, stack(0x000000001f220000,0x000000001f320000)]
  0x000000001e727800 JavaThread "C2 CompilerThread2" daemon [_thread_blocked, id=17500, stack(0x000000001f120000,0x000000001f220000)]
  0x000000001e723800 JavaThread "C2 CompilerThread1" daemon [_thread_blocked, id=4336, stack(0x000000001f020000,0x000000001f120000)]
  0x000000001e71d000 JavaThread "C2 CompilerThread0" daemon [_thread_blocked, id=8040, stack(0x000000001ef20000,0x000000001f020000)]
  0x000000001e71a800 JavaThread "Attach Listener" daemon [_thread_blocked, id=19176, stack(0x000000001ee20000,0x000000001ef20000)]
  0x000000001c82e800 JavaThread "Signal Dispatcher" daemon [_thread_blocked, id=18268, stack(0x000000001ed20000,0x000000001ee20000)]
  0x0000000002d59000 JavaThread "Finalizer" daemon [_thread_blocked, id=17732, stack(0x000000001eaf0000,0x000000001ebf0000)]
  0x000000001c81d800 JavaThread "Reference Handler" daemon [_thread_blocked, id=8188, stack(0x000000001e5f0000,0x000000001e6f0000)]

Other Threads:
  0x000000001c819800 VMThread [stack: 0x000000001e4f0000,0x000000001e5f0000] [id=4052]
  0x000000001e7ce800 WatcherThread [stack: 0x000000001f420000,0x000000001f520000] [id=4168]

VM state:not at safepoint (normal execution)

VM Mutex/Monitor currently owned by a thread: None

Heap:
 PSYoungGen      total 76288K, used 32073K [0x000000076b180000, 0x0000000770680000, 0x00000007c0000000)
  eden space 65536K, 37% used [0x000000076b180000,0x000000076c9b7478,0x000000076f180000)
  from space 10752K, 67% used [0x000000076f180000,0x000000076f89afb8,0x000000076fc00000)
  to   space 10752K, 0% used [0x000000076fc00000,0x000000076fc00000,0x0000000770680000)
 ParOldGen       total 175104K, used 24324K [0x00000006c1400000, 0x00000006cbf00000, 0x000000076b180000)
  object space 175104K, 13% used [0x00000006c1400000,0x00000006c2bc1030,0x00000006cbf00000)
 Metaspace       used 20211K, capacity 20526K, committed 20864K, reserved 1067008K
  class space    used 2540K, capacity 2623K, committed 2688K, reserved 1048576K

Card table byte_map: [0x0000000012130000,0x0000000012930000] byte_map_base: 0x000000000eb26000

Marking Bits: (ParMarkBitMap*) 0x000000006ae42d00
 Begin Bits: [0x0000000013680000, 0x0000000017630000)
 End Bits:   [0x0000000017630000, 0x000000001b5e0000)

Polling page: 0x0000000002b20000

CodeCache: size=245760Kb used=6322Kb max_used=6336Kb free=239437Kb
 bounds [0x0000000002d70000, 0x00000000033b0000, 0x0000000011d70000]
 total_blobs=2638 nmethods=1927 adapters=622
 compilation: enabled

Compilation events (10 events):
Event: 10.805 Thread 0x000000001e72b800 1932       3       sun.awt.image.ImageWatched$WeakLink$$Lambda$16/1680787914::run (32 bytes)
Event: 10.806 Thread 0x000000001e72b800 nmethod 1932 0x000000000339cc10 code [0x000000000339cda0, 0x000000000339d108]
Event: 10.806 Thread 0x000000001e72b800 1933       3       sun.awt.image.ImageWatched$WeakLink::lambda$update$0 (19 bytes)
Event: 10.806 Thread 0x000000001e72b800 nmethod 1933 0x000000000339d250 code [0x000000000339d3c0, 0x000000000339d688]
Event: 10.806 Thread 0x000000001e72b800 1934       3       java.awt.ImageMediaEntry::imageUpdate (51 bytes)
Event: 10.807 Thread 0x000000001e72b800 nmethod 1934 0x000000000339d790 code [0x000000000339d940, 0x000000000339e228]
Event: 10.807 Thread 0x000000001e72b800 1937       3       sun.awt.image.ByteInterleavedRaster::putByteData (834 bytes)
Event: 10.809 Thread 0x000000001e72b800 nmethod 1937 0x000000000339e4d0 code [0x000000000339e7c0, 0x000000000339ff48]
Event: 10.809 Thread 0x000000001e72b800 1943       3       java.security.MessageDigest$Delegate::engineUpdate (11 bytes)
Event: 10.809 Thread 0x000000001e72b800 nmethod 1943 0x00000000033a1610 code [0x00000000033a1780, 0x00000000033a19a8]

GC Heap History (2 events):
Event: 3.897 GC heap before
{Heap before GC invocations=1 (full 0):
 PSYoungGen      total 76288K, used 65536K [0x000000076b180000, 0x0000000770680000, 0x00000007c0000000)
  eden space 65536K, 100% used [0x000000076b180000,0x000000076f180000,0x000000076f180000)
  from space 10752K, 0% used [0x000000076fc00000,0x000000076fc00000,0x0000000770680000)
  to   space 10752K, 0% used [0x000000076f180000,0x000000076f180000,0x000000076fc00000)
 ParOldGen       total 175104K, used 0K [0x00000006c1400000, 0x00000006cbf00000, 0x000000076b180000)
  object space 175104K, 0% used [0x00000006c1400000,0x00000006c1400000,0x00000006cbf00000)
 Metaspace       used 16005K, capacity 16344K, committed 16640K, reserved 1062912K
  class space    used 2116K, capacity 2200K, committed 2304K, reserved 1048576K
Event: 3.915 GC heap after
Heap after GC invocations=1 (full 0):
 PSYoungGen      total 76288K, used 7275K [0x000000076b180000, 0x0000000770680000, 0x00000007c0000000)
  eden space 65536K, 0% used [0x000000076b180000,0x000000076b180000,0x000000076f180000)
  from space 10752K, 67% used [0x000000076f180000,0x000000076f89afb8,0x000000076fc00000)
  to   space 10752K, 0% used [0x000000076fc00000,0x000000076fc00000,0x0000000770680000)
 ParOldGen       total 175104K, used 24324K [0x00000006c1400000, 0x00000006cbf00000, 0x000000076b180000)
  object space 175104K, 13% used [0x00000006c1400000,0x00000006c2bc1030,0x00000006cbf00000)
 Metaspace       used 16005K, capacity 16344K, committed 16640K, reserved 1062912K
  class space    used 2116K, capacity 2200K, committed 2304K, reserved 1048576K
}

Deoptimization events (10 events):
Event: 5.786 Thread 0x000000001fd74000 Uncommon trap: reason=bimorphic action=maybe_recompile pc=0x000000000315d428 method=java.util.Hashtable.get(Ljava/lang/Object;)Ljava/lang/Object; @ 45
Event: 6.687 Thread 0x000000001fd74000 Uncommon trap: reason=predicate action=maybe_recompile pc=0x00000000031c2254 method=java.util.ArrayList.indexOf(Ljava/lang/Object;)I @ 44
Event: 6.691 Thread 0x000000001fd74000 Uncommon trap: reason=unstable_if action=reinterpret pc=0x0000000003079924 method=java.lang.StrictMath.floorOrCeil(DDDD)D @ 115
Event: 8.563 Thread 0x000000001fd74000 Uncommon trap: reason=predicate action=maybe_recompile pc=0x00000000030d06a4 method=sun.net.www.ParseUtil.encodePath(Ljava/lang/String;Z)Ljava/lang/String; @ 36
Event: 8.666 Thread 0x000000001fd74000 Uncommon trap: reason=bimorphic action=maybe_recompile pc=0x0000000003140d1c method=java.util.HashMap.putVal(ILjava/lang/Object;Ljava/lang/Object;ZZ)Ljava/lang/Object; @ 91
Event: 8.666 Thread 0x000000001fd74000 Uncommon trap: reason=bimorphic action=maybe_recompile pc=0x0000000003140d1c method=java.util.HashMap.putVal(ILjava/lang/Object;Ljava/lang/Object;ZZ)Ljava/lang/Object; @ 91
Event: 8.691 Thread 0x000000001fd74000 Uncommon trap: reason=class_check action=maybe_recompile pc=0x00000000031c93b4 method=java.util.TreeMap.getEntry(Ljava/lang/Object;)Ljava/util/TreeMap$Entry; @ 26
Event: 8.743 Thread 0x000000001fd74000 Uncommon trap: reason=unstable_if action=reinterpret pc=0x00000000031bd184 method=java.lang.Integer.equals(Ljava/lang/Object;)Z @ 18
Event: 8.885 Thread 0x000000001fd74000 Uncommon trap: reason=unstable_if action=reinterpret pc=0x0000000003189730 method=javax.swing.UIDefaults.getFromHashtable(Ljava/lang/Object;)Ljava/lang/Object; @ 17
Event: 8.942 Thread 0x000000001fd74000 Uncommon trap: reason=unstable_if action=reinterpret pc=0x00000000031bc360 method=java.lang.Integer.valueOf(I)Ljava/lang/Integer; @ 3

Classes redefined (0 events):
No events

Internal exceptions (10 events):
Event: 0.203 Thread 0x0000000002b3e800 Exception <a 'java/io/FileNotFoundException'> (0x000000076b2131b0) thrown at [C:\re\workspace\8-2-build-windows-amd64-cygwin\jdk8u181\11358\hotspot\src\share\vm\prims\jni.cpp, line 709]
Event: 0.269 Thread 0x0000000002b3e800 Exception <a 'java/lang/NoSuchFieldError': method resolution failed> (0x000000076b42b5d0) thrown at [C:\re\workspace\8-2-build-windows-amd64-cygwin\jdk8u181\11358\hotspot\src\share\vm\prims\methodHandles.cpp, line 1167]
Event: 0.272 Thread 0x0000000002b3e800 Exception <a 'java/lang/NoSuchFieldError': method resolution failed> (0x000000076b4389a0) thrown at [C:\re\workspace\8-2-build-windows-amd64-cygwin\jdk8u181\11358\hotspot\src\share\vm\prims\methodHandles.cpp, line 1167]
Event: 0.329 Thread 0x0000000002b3e800 Implicit null exception at 0x0000000002ee1526 to 0x0000000002ee1705
Event: 1.127 Thread 0x0000000002b3e800 Exception <a 'java/io/FileNotFoundException'> (0x000000076b7ee298) thrown at [C:\re\workspace\8-2-build-windows-amd64-cygwin\jdk8u181\11358\hotspot\src\share\vm\prims\jni.cpp, line 709]
Event: 3.297 Thread 0x0000000002b3e800 Implicit null exception at 0x0000000003009b16 to 0x0000000003009ec5
Event: 3.298 Thread 0x0000000002b3e800 Implicit null exception at 0x0000000002ff96d6 to 0x0000000002ff9a81
Event: 10.777 Thread 0x000000001fe60000 Exception <a 'java/lang/InterruptedException': sleep interrupted> (0x000000076c91b118) thrown at [C:\re\workspace\8-2-build-windows-amd64-cygwin\jdk8u181\11358\hotspot\src\share\vm\prims\jvm.cpp, line 3225]
Event: 10.796 Thread 0x000000001fe60000 Exception <a 'java/lang/InterruptedException': sleep interrupted> (0x000000076c9790c0) thrown at [C:\re\workspace\8-2-build-windows-amd64-cygwin\jdk8u181\11358\hotspot\src\share\vm\prims\jvm.cpp, line 3225]
Event: 10.815 Thread 0x000000001fd74000 Exception <a 'java/lang/NullPointerException'> (0x000000076c8d5688) thrown at [C:\re\workspace\8-2-build-windows-amd64-cygwin\jdk8u181\11358\hotspot\src\share\vm\interpreter\linkResolver.cpp, line 1185]

Events (10 events):
Event: 10.809 Thread 0x000000001fd74000 DEOPT PACKING pc=0x0000000002f4614a sp=0x000000002266bcf0
Event: 10.809 Thread 0x000000001fd74000 DEOPT UNPACKING pc=0x0000000002db7890 sp=0x000000002266b9f0 mode 0
Event: 10.809 loading class com/leapmotion/leap/Interface
Event: 10.809 loading class com/leapmotion/leap/Interface done
Event: 10.812 Executing VM operation: RevokeBias
Event: 10.812 Executing VM operation: RevokeBias done
Event: 10.812 loading class org/jvnet/substance/SubstanceListUI$CellRepaintCallback$1
Event: 10.812 loading class org/jvnet/substance/SubstanceListUI$CellRepaintCallback$1 done
Event: 10.815 loading class popbl3/Lector
Event: 10.815 loading class popbl3/Lector done


Dynamic libraries:
0x00007ff7921e0000 - 0x00007ff792217000 	C:\Program Files\Java\jre1.8.0_181\bin\javaw.exe
0x00007ff8d1010000 - 0x00007ff8d11fd000 	C:\WINDOWS\SYSTEM32\ntdll.dll
0x00007ff8ce730000 - 0x00007ff8ce7e3000 	C:\WINDOWS\System32\KERNEL32.DLL
0x00007ff8cdd10000 - 0x00007ff8cdfa3000 	C:\WINDOWS\System32\KERNELBASE.dll
0x00007ff8cf420000 - 0x00007ff8cf4c3000 	C:\WINDOWS\System32\ADVAPI32.dll
0x00007ff8cf050000 - 0x00007ff8cf0ee000 	C:\WINDOWS\System32\msvcrt.dll
0x00007ff8ce690000 - 0x00007ff8ce72e000 	C:\WINDOWS\System32\sechost.dll
0x00007ff8ceec0000 - 0x00007ff8cefe2000 	C:\WINDOWS\System32\RPCRT4.dll
0x00007ff8ce8e0000 - 0x00007ff8cea77000 	C:\WINDOWS\System32\USER32.dll
0x00007ff8cd0b0000 - 0x00007ff8cd0d0000 	C:\WINDOWS\System32\win32u.dll
0x00007ff8d0f80000 - 0x00007ff8d0fa9000 	C:\WINDOWS\System32\GDI32.dll
0x00007ff8cd2d0000 - 0x00007ff8cd46a000 	C:\WINDOWS\System32\gdi32full.dll
0x00007ff8cdbc0000 - 0x00007ff8cdc60000 	C:\WINDOWS\System32\msvcp_win.dll
0x00007ff8cd1b0000 - 0x00007ff8cd2ac000 	C:\WINDOWS\System32\ucrtbase.dll
0x00007ff8b7640000 - 0x00007ff8b78b9000 	C:\WINDOWS\WinSxS\amd64_microsoft.windows.common-controls_6595b64144ccf1df_6.0.17763.316_none_05b53be2071f46b6\COMCTL32.dll
0x00007ff8cf0f0000 - 0x00007ff8cf41d000 	C:\WINDOWS\System32\combase.dll
0x00007ff8cd130000 - 0x00007ff8cd1ae000 	C:\WINDOWS\System32\bcryptPrimitives.dll
0x00007ff8ce8b0000 - 0x00007ff8ce8de000 	C:\WINDOWS\System32\IMM32.DLL
0x00000000698e0000 - 0x00000000699b2000 	C:\Program Files\Java\jre1.8.0_181\bin\msvcr100.dll
0x000000006a620000 - 0x000000006aec2000 	C:\Program Files\Java\jre1.8.0_181\bin\server\jvm.dll
0x00007ff8cf530000 - 0x00007ff8cf538000 	C:\WINDOWS\System32\PSAPI.DLL
0x00007ff8c18f0000 - 0x00007ff8c18f9000 	C:\WINDOWS\SYSTEM32\WSOCK32.dll
0x00007ff8c6840000 - 0x00007ff8c684a000 	C:\WINDOWS\SYSTEM32\VERSION.dll
0x00007ff8c86b0000 - 0x00007ff8c86d4000 	C:\WINDOWS\SYSTEM32\WINMM.dll
0x00007ff8cf5d0000 - 0x00007ff8cf63d000 	C:\WINDOWS\System32\WS2_32.dll
0x00007ff8c8560000 - 0x00007ff8c858d000 	C:\WINDOWS\SYSTEM32\winmmbase.dll
0x00007ff8ce1c0000 - 0x00007ff8ce20a000 	C:\WINDOWS\System32\cfgmgr32.dll
0x000000006ec30000 - 0x000000006ec3f000 	C:\Program Files\Java\jre1.8.0_181\bin\verify.dll
0x000000006ec00000 - 0x000000006ec29000 	C:\Program Files\Java\jre1.8.0_181\bin\java.dll
0x000000006ebe0000 - 0x000000006ebf6000 	C:\Program Files\Java\jre1.8.0_181\bin\zip.dll
0x00007ff8cf7d0000 - 0x00007ff8d0cbf000 	C:\WINDOWS\System32\SHELL32.dll
0x00007ff8ce800000 - 0x00007ff8ce8a8000 	C:\WINDOWS\System32\shcore.dll
0x00007ff8cd470000 - 0x00007ff8cdbba000 	C:\WINDOWS\System32\windows.storage.dll
0x00007ff8cd080000 - 0x00007ff8cd0a4000 	C:\WINDOWS\System32\profapi.dll
0x00007ff8cd020000 - 0x00007ff8cd07d000 	C:\WINDOWS\System32\powrprof.dll
0x00007ff8cf640000 - 0x00007ff8cf692000 	C:\WINDOWS\System32\shlwapi.dll
0x00007ff8ccfe0000 - 0x00007ff8ccff1000 	C:\WINDOWS\System32\kernel.appcore.dll
0x00007ff8cd2b0000 - 0x00007ff8cd2c7000 	C:\WINDOWS\System32\cryptsp.dll
0x0000000069740000 - 0x00000000698d9000 	C:\Program Files\Java\jre1.8.0_181\bin\awt.dll
0x00007ff8cea80000 - 0x00007ff8ceb4b000 	C:\WINDOWS\System32\OLEAUT32.dll
0x00007ff8cb2a0000 - 0x00007ff8cb32c000 	C:\WINDOWS\SYSTEM32\apphelp.dll
0x00007ff8cb550000 - 0x00007ff8cb5ec000 	C:\WINDOWS\system32\uxtheme.dll
0x00007ff8ced50000 - 0x00007ff8ceeba000 	C:\WINDOWS\System32\MSCTF.dll
0x00007ff88aa60000 - 0x00007ff88aa99000 	C:\Program Files\Nahimic\Nahimic2\UserInterface\x64\Nahimic2DevProps.dll
0x00007ff8ceb70000 - 0x00007ff8cecc5000 	C:\WINDOWS\System32\ole32.dll
0x00007ff88b3f0000 - 0x00007ff88b43e000 	C:\Program Files\Nahimic\Nahimic2\UserInterface\x64\Nahimic2OSD.dll
0x00007ff8d0cc0000 - 0x00007ff8d0d62000 	C:\WINDOWS\System32\clbcatq.dll
0x00007ff8c69a0000 - 0x00007ff8c6a10000 	C:\WINDOWS\System32\MMDevApi.dll
0x00007ff8ccdf0000 - 0x00007ff8cce19000 	C:\WINDOWS\System32\DEVOBJ.dll
0x00007ff8c9310000 - 0x00007ff8c94b8000 	C:\WINDOWS\System32\PROPSYS.dll
0x00007ff8c6a10000 - 0x00007ff8c6b58000 	C:\WINDOWS\SYSTEM32\AUDIOSES.DLL
0x00007ff8c9060000 - 0x00007ff8c91b3000 	C:\WINDOWS\SYSTEM32\wintypes.dll
0x00007ff8c89c0000 - 0x00007ff8c89ca000 	C:\WINDOWS\SYSTEM32\AVRT.dll
0x00007ff8cb830000 - 0x00007ff8cb85e000 	C:\WINDOWS\system32\dwmapi.dll
0x00007ff8cdfe0000 - 0x00007ff8ce1bb000 	C:\WINDOWS\System32\CRYPT32.dll
0x00007ff8cd000000 - 0x00007ff8cd012000 	C:\WINDOWS\System32\MSASN1.dll
0x00007ff8cc430000 - 0x00007ff8cc463000 	C:\WINDOWS\system32\rsaenh.dll
0x00007ff8cdfb0000 - 0x00007ff8cdfd6000 	C:\WINDOWS\System32\bcrypt.dll
0x00007ff8ccf10000 - 0x00007ff8ccf38000 	C:\WINDOWS\SYSTEM32\USERENV.dll
0x00007ff8cca40000 - 0x00007ff8cca4c000 	C:\WINDOWS\SYSTEM32\CRYPTBASE.dll
0x000000006ebc0000 - 0x000000006ebda000 	C:\Program Files\Java\jre1.8.0_181\bin\net.dll
0x00007ff8cc870000 - 0x00007ff8cc8d7000 	C:\WINDOWS\system32\mswsock.dll
0x00007ff8cc5d0000 - 0x00007ff8cc60d000 	C:\WINDOWS\SYSTEM32\IPHLPAPI.DLL
0x00007ff8cf5c0000 - 0x00007ff8cf5c8000 	C:\WINDOWS\System32\NSI.dll
0x00007ff8c7750000 - 0x00007ff8c7766000 	C:\WINDOWS\SYSTEM32\dhcpcsvc6.DLL
0x00007ff8c7fb0000 - 0x00007ff8c7fcc000 	C:\WINDOWS\SYSTEM32\dhcpcsvc.DLL
0x00007ff8cc610000 - 0x00007ff8cc6d6000 	C:\WINDOWS\SYSTEM32\DNSAPI.dll
0x000000006eba0000 - 0x000000006ebb1000 	C:\Program Files\Java\jre1.8.0_181\bin\nio.dll
0x00007ff8a6150000 - 0x00007ff8a6277000 	C:\WINDOWS\system32\opengl32.dll
0x00007ff8afe10000 - 0x00007ff8afe3c000 	C:\WINDOWS\SYSTEM32\GLU32.dll
0x0000000069710000 - 0x000000006973a000 	C:\Program Files\Java\jre1.8.0_181\bin\dcpr.dll
0x00000000696c0000 - 0x0000000069707000 	C:\Program Files\Java\jre1.8.0_181\bin\fontmanager.dll
0x0000000069670000 - 0x00000000696b2000 	C:\Program Files\Java\jre1.8.0_181\bin\t2k.dll
0x00000000695c0000 - 0x0000000069662000 	C:\Program Files\Java\jre1.8.0_181\bin\mlib_image.dll
0x0000000069580000 - 0x00000000695b1000 	C:\Program Files\Java\jre1.8.0_181\bin\jpeg.dll
0x00007ff8c59f0000 - 0x00007ff8c5ba8000 	C:\WINDOWS\SYSTEM32\WindowsCodecs.dll
0x00007ff8ae3b0000 - 0x00007ff8ae406000 	C:\WINDOWS\system32\dataexchange.dll
0x00007ff8ca280000 - 0x00007ff8ca4fe000 	C:\WINDOWS\system32\d3d11.dll
0x00007ff8cab00000 - 0x00007ff8cacc3000 	C:\WINDOWS\system32\dcomp.dll
0x00007ff8cbd70000 - 0x00007ff8cbe32000 	C:\WINDOWS\system32\dxgi.dll
0x00007ff8cb620000 - 0x00007ff8cb82d000 	C:\WINDOWS\system32\twinapi.appcore.dll
0x00007ff8cb860000 - 0x00007ff8cb888000 	C:\WINDOWS\system32\RMCLIENT.dll
0x00007ff8b1030000 - 0x00007ff8b10c5000 	C:\WINDOWS\System32\TextInputFramework.dll
0x00007ff8cb090000 - 0x00007ff8cb172000 	C:\WINDOWS\System32\CoreMessaging.dll
0x00007ff8c62f0000 - 0x00007ff8c6612000 	C:\WINDOWS\System32\CoreUIComponents.dll
0x00007ff8cc0b0000 - 0x00007ff8cc0e1000 	C:\WINDOWS\SYSTEM32\ntmarta.dll
0x000000006e9e0000 - 0x000000006e9e7000 	C:\Program Files\Java\jre1.8.0_181\bin\jawt.dll
0x0000000020040000 - 0x000000002007e000 	I:\progIWS\eclipseWS\PBL\proyecto-Ibai\j3dcore-ogl.dll
0x000000006bce0000 - 0x000000006e3a0000 	C:\WINDOWS\System32\DriverStore\FileRepository\nvmii.inf_amd64_b9b91ef48989f9cb\nvoglv64.dll
0x00000000241d0000 - 0x0000000024645000 	C:\WINDOWS\System32\SETUPAPI.dll
0x00007ff8c8950000 - 0x00007ff8c8963000 	C:\WINDOWS\SYSTEM32\WTSAPI32.dll
0x00007ff8cd0d0000 - 0x00007ff8cd128000 	C:\WINDOWS\System32\WINTRUST.dll
0x00007ff88cc60000 - 0x00007ff88cf07000 	C:\WINDOWS\system32\nvspcap64.dll
0x00007ff8b9c30000 - 0x00007ff8b9e1d000 	C:\WINDOWS\SYSTEM32\dbghelp.dll
0x00007ff8bad80000 - 0x00007ff8badaa000 	C:\WINDOWS\SYSTEM32\dbgcore.DLL
0x00007ff8cc120000 - 0x00007ff8cc178000 	C:\WINDOWS\SYSTEM32\WINSTA.dll
0x00007ff8981e0000 - 0x00007ff8982ce000 	C:\WINDOWS\System32\DriverStore\FileRepository\nvmii.inf_amd64_b9b91ef48989f9cb\nvldumdx.dll
0x00007ff8ceb50000 - 0x00007ff8ceb6d000 	C:\WINDOWS\System32\imagehlp.dll
0x00007ff86b010000 - 0x00007ff86d455000 	C:\WINDOWS\System32\DriverStore\FileRepository\nvmii.inf_amd64_b9b91ef48989f9cb\nvwgf2umx.dll
0x00007ff8c1340000 - 0x00007ff8c1842000 	C:\WINDOWS\system32\nvapi64.dll
0x00007ff8c7140000 - 0x00007ff8c717e000 	C:\Program Files\Java\jre1.8.0_181\bin\LeapJava.dll
0x00007ff8be410000 - 0x00007ff8be4ff000 	C:\WINDOWS\SYSTEM32\MSVCR120.dll
0x00007ff8c7090000 - 0x00007ff8c7136000 	C:\WINDOWS\SYSTEM32\MSVCP120.dll
0x00007ff858850000 - 0x00007ff858aae000 	C:\Program Files\Java\jre1.8.0_181\bin\Leap.dll

VM Arguments:
jvm_args: -Dfile.encoding=Cp1252 
java_command: popbl3.MainFrame
java_class_path (initial): I:\progIWS\eclipseWS\PBL\proyecto-Ibai\bin;I:\progIWS\eclipseWS\PBL\proyecto-Ibai\lib\j3dcore.jar;I:\progIWS\eclipseWS\PBL\proyecto-Ibai\lib\j3dutils.jar;I:\progIWS\eclipseWS\PBL\proyecto-Ibai\lib\vecmath.jar;I:\progIWS\eclipseWS\PBL\proyecto-Ibai\lib\LeapJava.jar;I:\progIWS\eclipseWS\PBL\proyecto-Ibai\lib\RXTXcomm.jar;I:\progIWS\eclipseWS\PBL\proyecto-Ibai\lib\substance-4.3.jar;I:\progIWS\eclipseWS\PBL\proyecto-Ibai\lib\jcommon-1.0.23.jar;I:\progIWS\eclipseWS\PBL\proyecto-Ibai\lib\jfreechart-1.0.19.jar;I:\progIWS\eclipseWS\PBL\proyecto-Ibai\lib\jcalendar-1.4.jar
Launcher Type: SUN_STANDARD

Environment Variables:
USERNAME=Aitor
OS=Windows_NT
PROCESSOR_IDENTIFIER=Intel64 Family 6 Model 158 Stepping 9, GenuineIntel



---------------  S Y S T E M  ---------------

OS: Windows 10.0 , 64 bit Build 17763 (10.0.17763.292)

CPU:total 8 (initial active 8) (4 cores per cpu, 2 threads per core) family 6 model 158 stepping 9, cmov, cx8, fxsr, mmx, sse, sse2, sse3, ssse3, sse4.1, sse4.2, popcnt, avx, avx2, aes, clmul, erms, 3dnowpref, lzcnt, ht, tsc, tscinvbit, bmi1, bmi2, adx

Memory: 4k page, physical 16692944k(8124864k free), swap 33470160k(20697452k free)

vm_info: Java HotSpot(TM) 64-Bit Server VM (25.181-b13) for windows-amd64 JRE (1.8.0_181-b13), built on Jul  7 2018 04:01:33 by "java_re" with MS VC++ 10.0 (VS2010)

time: Mon Mar 11 23:44:44 2019
elapsed time: 10 seconds (0d 0h 0m 10s)

