#
# A fatal error has been detected by the Java Runtime Environment:
#
#  EXCEPTION_UNCAUGHT_CXX_EXCEPTION (0xe06d7363) at pc=0x00007ff8cdd65549, pid=2932, tid=0x00000000000005cc
#
# JRE version: Java(TM) SE Runtime Environment (8.0_181-b13) (build 1.8.0_181-b13)
# Java VM: Java HotSpot(TM) 64-Bit Server VM (25.181-b13 mixed mode windows-amd64 compressed oops)
# Problematic frame:
# C  [KERNELBASE.dll+0x55549]
#
# Failed to write core dump. Minidumps are not enabled by default on client versions of Windows
#
# If you would like to submit a bug report, please visit:
#   http://bugreport.java.com/bugreport/crash.jsp
# The crash happened outside the Java Virtual Machine in native code.
# See problematic frame for where to report the bug.
#

---------------  T H R E A D  ---------------

Current thread (0x000000001ffaa800):  JavaThread "AWT-EventQueue-0" [_thread_in_native, id=1484, stack(0x00000000229c0000,0x0000000022ac0000)]

siginfo: ExceptionCode=0xe06d7363, ExceptionInformation=0x0000000019930520 0x0000000022abdf50 0x00007ff8c70f1b38 0x00007ff8c70d0000 

Registers:
RAX=0x000000006a82ed95, RBX=0x00007ff8c70f1b38, RCX=0x00000000031e56d0, RDX=0x0000000000000000
RSP=0x0000000022abddb0, RBP=0x0000000022abdef0, RSI=0x000000001ec9be50, RDI=0x0000000022abdf50
R8 =0x000000006a7167db, R9 =0x00000007c0000208, R10=0x0000000022abd770, R11=0x0000000022abd730
R12=0x0000000000000000, R13=0x0000000024061f38, R14=0x0000000022abe0e8, R15=0x000000001ffaa800
RIP=0x00007ff8cdd65549, EFLAGS=0x0000000000000202

Top of Stack: (sp=0x0000000022abddb0)
0x0000000022abddb0:   000000001ffaa800 00007ff8c70f1b38
0x0000000022abddc0:   000000001ec9be50 0000000022abdf50
0x0000000022abddd0:   00000001e06d7363 0000000000000000
0x0000000022abdde0:   00007ff8cdd65549 0000000000000004
0x0000000022abddf0:   0000000019930520 0000000022abdf50
0x0000000022abde00:   00007ff8c70f1b38 00007ff8c70d0000
0x0000000022abde10:   0000000024061f38 0000000000000000
0x0000000022abde20:   0000000022abdf50 000000001ec9be50
0x0000000022abde30:   0000000022abdef0 00007ff8d10848af
0x0000000022abde40:   0000000022abdf00 0000000000000000
0x0000000022abde50:   0000000000000000 00007ff8c70e0d72
0x0000000022abde60:   00007ff8c7108000 00007ff8c70d0000
0x0000000022abde70:   00003b191adc9b5b 0000000000000009
0x0000000022abde80:   00007ff8c70f1b38 00007ff8be46ef53
0x0000000022abde90:   0000000021bc7600 0000000022abdf50
0x0000000022abdea0:   0000000000000000 000000001ec9be60 

Instructions: (pc=0x00007ff8cdd65549)
0x00007ff8cdd65529:   8b d1 44 0f 47 c0 44 89 44 24 38 49 c1 e0 03 e8
0x00007ff8cdd65539:   3a 44 03 00 48 8d 4c 24 20 48 ff 15 6f 5d 14 00
0x00007ff8cdd65549:   0f 1f 44 00 00 48 8b 8c 24 c0 00 00 00 48 33 cc
0x00007ff8cdd65559:   e8 12 10 03 00 48 81 c4 d8 00 00 00 c3 83 64 24 


Register to memory mapping:

RAX=0x000000006a82ed95 is an unknown value
RBX=0x00007ff8c70f1b38 is an unknown value
RCX=0x00000000031e56d0 is at code_begin+-80 in 
[CodeBlob (0x00000000031e56d0)]
Framesize: 0
BufferBlob (0x00000000031e56d0) used for Interpreter
RDX=0x0000000000000000 is an unknown value
RSP=0x0000000022abddb0 is pointing into the stack for thread: 0x000000001ffaa800
RBP=0x0000000022abdef0 is pointing into the stack for thread: 0x000000001ffaa800
RSI=0x000000001ec9be50 is an unknown value
RDI=0x0000000022abdf50 is pointing into the stack for thread: 0x000000001ffaa800
R8 =0x000000006a7167db is an unknown value
R9 =0x00000007c0000208 is pointing into metadata
R10=0x0000000022abd770 is pointing into the stack for thread: 0x000000001ffaa800
R11=0x0000000022abd730 is pointing into the stack for thread: 0x000000001ffaa800
R12=0x0000000000000000 is an unknown value
R13={method} {0x0000000024061f40} 'Controller_addListener' '(JLcom/leapmotion/leap/Controller;JLcom/leapmotion/leap/Listener;)Z' in 'com/leapmotion/leap/LeapJNI'
R14=0x0000000022abe0e8 is pointing into the stack for thread: 0x000000001ffaa800
R15=0x000000001ffaa800 is a thread


Stack: [0x00000000229c0000,0x0000000022ac0000],  sp=0x0000000022abddb0,  free space=1015k
Native frames: (J=compiled Java code, j=interpreted, Vv=VM code, C=native code)
C  [KERNELBASE.dll+0x55549]
C  [MSVCR120.dll+0x5ef53]
C  [LeapJava.dll+0x1c48]
C  [Leap.dll+0x18739]
C  0x00000000031f8c67

Java frames: (J=compiled Java code, j=interpreted, Vv=VM code)
j  com.leapmotion.leap.LeapJNI.Controller_addListener(JLcom/leapmotion/leap/Controller;JLcom/leapmotion/leap/Listener;)Z+0
j  com.leapmotion.leap.Controller.addListener(Lcom/leapmotion/leap/Listener;)Z+10
j  popbl3.PacienteFrame.<init>(Lpopbl3/Paciente;)V+266
j  popbl3.MainFrame$1.run()V+11
J 1474 C1 java.awt.event.InvocationEvent.dispatch()V (69 bytes) @ 0x00000000036ac9d4 [0x00000000036ac7c0+0x214]
j  java.awt.EventQueue.dispatchEventImpl(Ljava/awt/AWTEvent;Ljava/lang/Object;)V+21
J 1406 C1 java.awt.EventQueue$3.run()Ljava/lang/Void; (60 bytes) @ 0x000000000368771c [0x0000000003687500+0x21c]
J 1405 C1 java.awt.EventQueue$3.run()Ljava/lang/Object; (5 bytes) @ 0x000000000368978c [0x0000000003689700+0x8c]
v  ~StubRoutines::call_stub
J 1039  java.security.AccessController.doPrivileged(Ljava/security/PrivilegedAction;Ljava/security/AccessControlContext;)Ljava/lang/Object; (0 bytes) @ 0x000000000359f526 [0x000000000359f4c0+0x66]
J 1401 C1 java.awt.EventQueue.dispatchEvent(Ljava/awt/AWTEvent;)V (80 bytes) @ 0x000000000368be2c [0x000000000368b480+0x9ac]
J 1411 C1 java.awt.EventDispatchThread.pumpOneEventForFilters(I)V (190 bytes) @ 0x000000000369345c [0x0000000003692300+0x115c]
j  java.awt.EventDispatchThread.pumpEventsForFilter(ILjava/awt/Conditional;Ljava/awt/EventFilter;)V+35
j  java.awt.EventDispatchThread.pumpEventsForHierarchy(ILjava/awt/Conditional;Ljava/awt/Component;)V+11
j  java.awt.EventDispatchThread.pumpEvents(ILjava/awt/Conditional;)V+4
j  java.awt.EventDispatchThread.pumpEvents(Ljava/awt/Conditional;)V+3
j  java.awt.EventDispatchThread.run()V+9
v  ~StubRoutines::call_stub

---------------  P R O C E S S  ---------------

Java Threads: ( => current thread )
  0x0000000021af6800 JavaThread "J3D-Renderer-1" [_thread_blocked, id=14464, stack(0x00000000244f0000,0x00000000245f0000)]
  0x0000000021af5000 JavaThread "J3D-MasterControl-1" [_thread_blocked, id=14060, stack(0x00000000243f0000,0x00000000244f0000)]
  0x00000000219dd800 JavaThread "J3D-NotificationThread" [_thread_blocked, id=18464, stack(0x00000000242f0000,0x00000000243f0000)]
  0x000000001eddb000 JavaThread "J3D-TimerThread" [_thread_blocked, id=1392, stack(0x00000000241f0000,0x00000000242f0000)]
  0x000000001edda800 JavaThread "J3D-RenderingAttributesStructureUpdateThread" [_thread_blocked, id=18644, stack(0x00000000240c0000,0x00000000241c0000)]
  0x000000001ed48000 JavaThread "Image Fetcher 3" daemon [_thread_blocked, id=9028, stack(0x0000000023dc0000,0x0000000023ec0000)]
  0x0000000020112800 JavaThread "TimerQueue" daemon [_thread_blocked, id=7364, stack(0x0000000023cc0000,0x0000000023dc0000)]
  0x000000000170e800 JavaThread "DestroyJavaVM" [_thread_blocked, id=15832, stack(0x0000000002ee0000,0x0000000002fe0000)]
  0x000000002013d000 JavaThread "Laf-Widget fade tracker" [_thread_blocked, id=5248, stack(0x0000000022cc0000,0x0000000022dc0000)]
=>0x000000001ffaa800 JavaThread "AWT-EventQueue-0" [_thread_in_native, id=1484, stack(0x00000000229c0000,0x0000000022ac0000)]
  0x000000001fd54000 JavaThread "AWT-Shutdown" [_thread_blocked, id=17216, stack(0x00000000228c0000,0x00000000229c0000)]
  0x000000001fba4800 JavaThread "AWT-Windows" daemon [_thread_in_native, id=15376, stack(0x0000000020490000,0x0000000020590000)]
  0x000000001fadb800 JavaThread "Java2D Disposer" daemon [_thread_blocked, id=4492, stack(0x0000000020290000,0x0000000020390000)]
  0x000000001ebc9800 JavaThread "Service Thread" daemon [_thread_blocked, id=2888, stack(0x000000001f730000,0x000000001f830000)]
  0x000000001eb4c000 JavaThread "C1 CompilerThread3" daemon [_thread_blocked, id=7208, stack(0x000000001f630000,0x000000001f730000)]
  0x000000001eb44800 JavaThread "C2 CompilerThread2" daemon [_thread_blocked, id=10884, stack(0x000000001f530000,0x000000001f630000)]
  0x000000001eb40800 JavaThread "C2 CompilerThread1" daemon [_thread_blocked, id=13520, stack(0x000000001f430000,0x000000001f530000)]
  0x000000001eb3d800 JavaThread "C2 CompilerThread0" daemon [_thread_blocked, id=11064, stack(0x000000001f330000,0x000000001f430000)]
  0x000000001eb3b000 JavaThread "Attach Listener" daemon [_thread_blocked, id=848, stack(0x000000001f230000,0x000000001f330000)]
  0x000000001eb3a000 JavaThread "Signal Dispatcher" daemon [_thread_blocked, id=5640, stack(0x000000001f130000,0x000000001f230000)]
  0x000000001eb30800 JavaThread "Finalizer" daemon [_thread_blocked, id=7192, stack(0x000000001ef10000,0x000000001f010000)]
  0x00000000031da800 JavaThread "Reference Handler" daemon [_thread_blocked, id=17340, stack(0x000000001ea10000,0x000000001eb10000)]

Other Threads:
  0x000000001cc39800 VMThread [stack: 0x000000001e910000,0x000000001ea10000] [id=5388]
  0x000000001ebeb000 WatcherThread [stack: 0x000000001f830000,0x000000001f930000] [id=15540]

VM state:not at safepoint (normal execution)

VM Mutex/Monitor currently owned by a thread: None

Heap:
 PSYoungGen      total 76288K, used 33123K [0x000000076b180000, 0x0000000770680000, 0x00000007c0000000)
  eden space 65536K, 39% used [0x000000076b180000,0x000000076cac5af0,0x000000076f180000)
  from space 10752K, 67% used [0x000000076f180000,0x000000076f893250,0x000000076fc00000)
  to   space 10752K, 0% used [0x000000076fc00000,0x000000076fc00000,0x0000000770680000)
 ParOldGen       total 175104K, used 24324K [0x00000006c1400000, 0x00000006cbf00000, 0x000000076b180000)
  object space 175104K, 13% used [0x00000006c1400000,0x00000006c2bc1030,0x00000006cbf00000)
 Metaspace       used 20261K, capacity 20586K, committed 20864K, reserved 1067008K
  class space    used 2543K, capacity 2623K, committed 2688K, reserved 1048576K

Card table byte_map: [0x00000000125a0000,0x0000000012da0000] byte_map_base: 0x000000000ef96000

Marking Bits: (ParMarkBitMap*) 0x000000006ae42d00
 Begin Bits: [0x0000000013af0000, 0x0000000017aa0000)
 End Bits:   [0x0000000017aa0000, 0x000000001ba50000)

Polling page: 0x0000000000df0000

CodeCache: size=245760Kb used=6335Kb max_used=6516Kb free=239424Kb
 bounds [0x00000000031e0000, 0x0000000003850000, 0x00000000121e0000]
 total_blobs=2605 nmethods=1888 adapters=628
 compilation: enabled

Compilation events (10 events):
Event: 14.928 Thread 0x000000001eb4c000 nmethod 1968 0x0000000003839950 code [0x0000000003839b20, 0x000000000383a4f8]
Event: 14.929 Thread 0x000000001eb4c000 1969   !   3       sun.awt.image.ImageRepresentation::setPixels (1055 bytes)
Event: 14.932 Thread 0x000000001eb44800 1970 %     4       java.awt.image.ReplicateScaleFilter::setPixels @ 149 (229 bytes)
Event: 14.937 Thread 0x000000001eb4c000 nmethod 1969 0x000000000383ab90 code [0x000000000383b0c0, 0x000000000383f478]
Event: 14.938 Thread 0x000000001eb4c000 1971       3       javax.swing.DefaultButtonModel::setEnabled (65 bytes)
Event: 14.938 Thread 0x000000001eb4c000 nmethod 1971 0x0000000003300a90 code [0x0000000003300c00, 0x0000000003300f78]
Event: 14.939 Thread 0x000000001eb3d800 1972       4       sun.security.provider.SHA::implCompress (491 bytes)
Event: 14.948 Thread 0x000000001eb4c000 1973       3       java.security.MessageDigest$Delegate::engineUpdate (11 bytes)
Event: 14.948 Thread 0x000000001eb4c000 nmethod 1973 0x00000000032ecc90 code [0x00000000032ece00, 0x00000000032ed028]
Event: 14.951 Thread 0x000000001eb44800 nmethod 1970% 0x0000000003393b90 code [0x0000000003393d00, 0x0000000003394568]

GC Heap History (2 events):
Event: 4.357 GC heap before
{Heap before GC invocations=1 (full 0):
 PSYoungGen      total 76288K, used 65536K [0x000000076b180000, 0x0000000770680000, 0x00000007c0000000)
  eden space 65536K, 100% used [0x000000076b180000,0x000000076f180000,0x000000076f180000)
  from space 10752K, 0% used [0x000000076fc00000,0x000000076fc00000,0x0000000770680000)
  to   space 10752K, 0% used [0x000000076f180000,0x000000076f180000,0x000000076fc00000)
 ParOldGen       total 175104K, used 0K [0x00000006c1400000, 0x00000006cbf00000, 0x000000076b180000)
  object space 175104K, 0% used [0x00000006c1400000,0x00000006c1400000,0x00000006cbf00000)
 Metaspace       used 15992K, capacity 16216K, committed 16640K, reserved 1062912K
  class space    used 2116K, capacity 2200K, committed 2304K, reserved 1048576K
Event: 4.374 GC heap after
Heap after GC invocations=1 (full 0):
 PSYoungGen      total 76288K, used 7244K [0x000000076b180000, 0x0000000770680000, 0x00000007c0000000)
  eden space 65536K, 0% used [0x000000076b180000,0x000000076b180000,0x000000076f180000)
  from space 10752K, 67% used [0x000000076f180000,0x000000076f893250,0x000000076fc00000)
  to   space 10752K, 0% used [0x000000076fc00000,0x000000076fc00000,0x0000000770680000)
 ParOldGen       total 175104K, used 24324K [0x00000006c1400000, 0x00000006cbf00000, 0x000000076b180000)
  object space 175104K, 13% used [0x00000006c1400000,0x00000006c2bc1030,0x00000006cbf00000)
 Metaspace       used 15992K, capacity 16216K, committed 16640K, reserved 1062912K
  class space    used 2116K, capacity 2200K, committed 2304K, reserved 1048576K
}

Deoptimization events (10 events):
Event: 8.911 Thread 0x000000001ffaa800 Uncommon trap: reason=predicate action=maybe_recompile pc=0x0000000003637f94 method=java.util.ArrayList.indexOf(Ljava/lang/Object;)I @ 44
Event: 14.161 Thread 0x000000001ffaa800 Uncommon trap: reason=predicate action=maybe_recompile pc=0x0000000003544364 method=sun.net.www.ParseUtil.encodePath(Ljava/lang/String;Z)Ljava/lang/String; @ 36
Event: 14.259 Thread 0x000000001ffaa800 Uncommon trap: reason=bimorphic action=maybe_recompile pc=0x00000000035ba0dc method=java.util.HashMap.putVal(ILjava/lang/Object;Ljava/lang/Object;ZZ)Ljava/lang/Object; @ 91
Event: 14.259 Thread 0x000000001ffaa800 Uncommon trap: reason=bimorphic action=maybe_recompile pc=0x00000000035ba0dc method=java.util.HashMap.putVal(ILjava/lang/Object;Ljava/lang/Object;ZZ)Ljava/lang/Object; @ 91
Event: 14.284 Thread 0x000000001ffaa800 Uncommon trap: reason=class_check action=maybe_recompile pc=0x000000000363a1f4 method=java.util.TreeMap.getEntry(Ljava/lang/Object;)Ljava/util/TreeMap$Entry; @ 26
Event: 14.340 Thread 0x000000001ffaa800 Uncommon trap: reason=unstable_if action=reinterpret pc=0x000000000362dd44 method=java.lang.Integer.equals(Ljava/lang/Object;)Z @ 18
Event: 14.381 Thread 0x000000001ffaa800 Uncommon trap: reason=unstable_if action=reinterpret pc=0x0000000003705d18 method=java.awt.GradientPaintContext.<init>(Ljava/awt/image/ColorModel;Ljava/awt/geom/Point2D;Ljava/awt/geom/Point2D;Ljava/awt/geom/AffineTransform;Ljava/awt/Color;Ljava/awt/Color;
Event: 14.483 Thread 0x000000001ffaa800 Uncommon trap: reason=unstable_if action=reinterpret pc=0x00000000035fe1b0 method=javax.swing.UIDefaults.getFromHashtable(Ljava/lang/Object;)Ljava/lang/Object; @ 17
Event: 14.534 Thread 0x000000001ffaa800 Uncommon trap: reason=unstable_if action=reinterpret pc=0x0000000003630ea0 method=java.lang.Integer.valueOf(I)Ljava/lang/Integer; @ 3
Event: 14.868 Thread 0x000000001ffaa800 Uncommon trap: reason=bimorphic action=maybe_recompile pc=0x00000000037e5414 method=java.util.Hashtable.put(Ljava/lang/Object;Ljava/lang/Object;)Ljava/lang/Object; @ 60

Classes redefined (0 events):
No events

Internal exceptions (10 events):
Event: 0.332 Thread 0x000000000170e800 Exception <a 'java/io/FileNotFoundException'> (0x000000076b2131f0) thrown at [C:\re\workspace\8-2-build-windows-amd64-cygwin\jdk8u181\11358\hotspot\src\share\vm\prims\jni.cpp, line 709]
Event: 0.445 Thread 0x000000000170e800 Exception <a 'java/lang/NoSuchFieldError': method resolution failed> (0x000000076b42b600) thrown at [C:\re\workspace\8-2-build-windows-amd64-cygwin\jdk8u181\11358\hotspot\src\share\vm\prims\methodHandles.cpp, line 1167]
Event: 0.451 Thread 0x000000000170e800 Exception <a 'java/lang/NoSuchFieldError': method resolution failed> (0x000000076b4389d0) thrown at [C:\re\workspace\8-2-build-windows-amd64-cygwin\jdk8u181\11358\hotspot\src\share\vm\prims\methodHandles.cpp, line 1167]
Event: 0.587 Thread 0x000000000170e800 Implicit null exception at 0x0000000003354026 to 0x0000000003354205
Event: 1.570 Thread 0x000000000170e800 Exception <a 'java/io/FileNotFoundException'> (0x000000076b7ee2f0) thrown at [C:\re\workspace\8-2-build-windows-amd64-cygwin\jdk8u181\11358\hotspot\src\share\vm\prims\jni.cpp, line 709]
Event: 3.759 Thread 0x000000000170e800 Implicit null exception at 0x0000000003475816 to 0x0000000003475bc5
Event: 3.760 Thread 0x000000000170e800 Implicit null exception at 0x000000000346a614 to 0x000000000346a9e5
Event: 14.918 Thread 0x000000001ed48000 Exception <a 'java/lang/InterruptedException': sleep interrupted> (0x000000076c9b94f8) thrown at [C:\re\workspace\8-2-build-windows-amd64-cygwin\jdk8u181\11358\hotspot\src\share\vm\prims\jvm.cpp, line 3225]
Event: 14.934 Thread 0x000000001ed48000 Exception <a 'java/lang/InterruptedException': sleep interrupted> (0x000000076c9c9d30) thrown at [C:\re\workspace\8-2-build-windows-amd64-cygwin\jdk8u181\11358\hotspot\src\share\vm\prims\jvm.cpp, line 3225]
Event: 14.955 Thread 0x000000001ffaa800 Exception <a 'java/lang/NullPointerException'> (0x000000076ca2b190) thrown at [C:\re\workspace\8-2-build-windows-amd64-cygwin\jdk8u181\11358\hotspot\src\share\vm\interpreter\linkResolver.cpp, line 1185]

Events (10 events):
Event: 14.951 Thread 0x000000001eb44800 flushing nmethod 0x00000000033cc410
Event: 14.951 Thread 0x000000001eb44800 flushing nmethod 0x00000000033cc7d0
Event: 14.951 Thread 0x000000001eb44800 flushing nmethod 0x00000000033ccfd0
Event: 14.951 Thread 0x000000001eb44800 flushing nmethod 0x00000000033cd5d0
Event: 14.951 Thread 0x000000001eb44800 flushing nmethod 0x00000000033cdbd0
Event: 14.951 Thread 0x000000001eb44800 flushing nmethod 0x00000000033ce0d0
Event: 14.951 Thread 0x000000001eb44800 flushing nmethod 0x00000000033d9590
Event: 14.951 Thread 0x000000001eb44800 flushing nmethod 0x00000000033f9350
Event: 14.954 loading class popbl3/Lector
Event: 14.954 loading class popbl3/Lector done


Dynamic libraries:
0x00007ff7921e0000 - 0x00007ff792217000 	C:\Program Files\Java\jre1.8.0_181\bin\javaw.exe
0x00007ff8d1010000 - 0x00007ff8d11fd000 	C:\WINDOWS\SYSTEM32\ntdll.dll
0x00007ff8ce730000 - 0x00007ff8ce7e3000 	C:\WINDOWS\System32\KERNEL32.DLL
0x00007ff8cdd10000 - 0x00007ff8cdfa3000 	C:\WINDOWS\System32\KERNELBASE.dll
0x00007ff8cf420000 - 0x00007ff8cf4c3000 	C:\WINDOWS\System32\ADVAPI32.dll
0x00007ff8cf050000 - 0x00007ff8cf0ee000 	C:\WINDOWS\System32\msvcrt.dll
0x00007ff8ce690000 - 0x00007ff8ce72e000 	C:\WINDOWS\System32\sechost.dll
0x00007ff8ceec0000 - 0x00007ff8cefe2000 	C:\WINDOWS\System32\RPCRT4.dll
0x00007ff8ce8e0000 - 0x00007ff8cea77000 	C:\WINDOWS\System32\USER32.dll
0x00007ff8cd0b0000 - 0x00007ff8cd0d0000 	C:\WINDOWS\System32\win32u.dll
0x00007ff8d0f80000 - 0x00007ff8d0fa9000 	C:\WINDOWS\System32\GDI32.dll
0x00007ff8cd2d0000 - 0x00007ff8cd46a000 	C:\WINDOWS\System32\gdi32full.dll
0x00007ff8cdbc0000 - 0x00007ff8cdc60000 	C:\WINDOWS\System32\msvcp_win.dll
0x00007ff8cd1b0000 - 0x00007ff8cd2ac000 	C:\WINDOWS\System32\ucrtbase.dll
0x00007ff8b7640000 - 0x00007ff8b78b9000 	C:\WINDOWS\WinSxS\amd64_microsoft.windows.common-controls_6595b64144ccf1df_6.0.17763.316_none_05b53be2071f46b6\COMCTL32.dll
0x00007ff8cf0f0000 - 0x00007ff8cf41d000 	C:\WINDOWS\System32\combase.dll
0x00007ff8cd130000 - 0x00007ff8cd1ae000 	C:\WINDOWS\System32\bcryptPrimitives.dll
0x00007ff8ce8b0000 - 0x00007ff8ce8de000 	C:\WINDOWS\System32\IMM32.DLL
0x00000000698e0000 - 0x00000000699b2000 	C:\Program Files\Java\jre1.8.0_181\bin\msvcr100.dll
0x000000006a620000 - 0x000000006aec2000 	C:\Program Files\Java\jre1.8.0_181\bin\server\jvm.dll
0x00007ff8cf530000 - 0x00007ff8cf538000 	C:\WINDOWS\System32\PSAPI.DLL
0x00007ff8c18f0000 - 0x00007ff8c18f9000 	C:\WINDOWS\SYSTEM32\WSOCK32.dll
0x00007ff8c86b0000 - 0x00007ff8c86d4000 	C:\WINDOWS\SYSTEM32\WINMM.dll
0x00007ff8c6840000 - 0x00007ff8c684a000 	C:\WINDOWS\SYSTEM32\VERSION.dll
0x00007ff8cf5d0000 - 0x00007ff8cf63d000 	C:\WINDOWS\System32\WS2_32.dll
0x00007ff8c8560000 - 0x00007ff8c858d000 	C:\WINDOWS\SYSTEM32\winmmbase.dll
0x00007ff8ce1c0000 - 0x00007ff8ce20a000 	C:\WINDOWS\System32\cfgmgr32.dll
0x000000006ec30000 - 0x000000006ec3f000 	C:\Program Files\Java\jre1.8.0_181\bin\verify.dll
0x000000006ec00000 - 0x000000006ec29000 	C:\Program Files\Java\jre1.8.0_181\bin\java.dll
0x000000006ebe0000 - 0x000000006ebf6000 	C:\Program Files\Java\jre1.8.0_181\bin\zip.dll
0x00007ff8cf7d0000 - 0x00007ff8d0cbf000 	C:\WINDOWS\System32\SHELL32.dll
0x00007ff8ce800000 - 0x00007ff8ce8a8000 	C:\WINDOWS\System32\shcore.dll
0x00007ff8cd470000 - 0x00007ff8cdbba000 	C:\WINDOWS\System32\windows.storage.dll
0x00007ff8cd080000 - 0x00007ff8cd0a4000 	C:\WINDOWS\System32\profapi.dll
0x00007ff8cd020000 - 0x00007ff8cd07d000 	C:\WINDOWS\System32\powrprof.dll
0x00007ff8cf640000 - 0x00007ff8cf692000 	C:\WINDOWS\System32\shlwapi.dll
0x00007ff8ccfe0000 - 0x00007ff8ccff1000 	C:\WINDOWS\System32\kernel.appcore.dll
0x00007ff8cd2b0000 - 0x00007ff8cd2c7000 	C:\WINDOWS\System32\cryptsp.dll
0x000000006a480000 - 0x000000006a619000 	C:\Program Files\Java\jre1.8.0_181\bin\awt.dll
0x00007ff8cea80000 - 0x00007ff8ceb4b000 	C:\WINDOWS\System32\OLEAUT32.dll
0x00007ff8cb2a0000 - 0x00007ff8cb32c000 	C:\WINDOWS\SYSTEM32\apphelp.dll
0x00007ff8cb550000 - 0x00007ff8cb5ec000 	C:\WINDOWS\system32\uxtheme.dll
0x00007ff8ced50000 - 0x00007ff8ceeba000 	C:\WINDOWS\System32\MSCTF.dll
0x00007ff88aa60000 - 0x00007ff88aa99000 	C:\Program Files\Nahimic\Nahimic2\UserInterface\x64\Nahimic2DevProps.dll
0x00007ff8ceb70000 - 0x00007ff8cecc5000 	C:\WINDOWS\System32\ole32.dll
0x00007ff88b3f0000 - 0x00007ff88b43e000 	C:\Program Files\Nahimic\Nahimic2\UserInterface\x64\Nahimic2OSD.dll
0x00007ff8d0cc0000 - 0x00007ff8d0d62000 	C:\WINDOWS\System32\clbcatq.dll
0x00007ff8c69a0000 - 0x00007ff8c6a10000 	C:\WINDOWS\System32\MMDevApi.dll
0x00007ff8c9310000 - 0x00007ff8c94b8000 	C:\WINDOWS\System32\PROPSYS.dll
0x00007ff8ccdf0000 - 0x00007ff8cce19000 	C:\WINDOWS\System32\DEVOBJ.dll
0x00007ff8c6a10000 - 0x00007ff8c6b58000 	C:\WINDOWS\SYSTEM32\AUDIOSES.DLL
0x00007ff8c9060000 - 0x00007ff8c91b3000 	C:\WINDOWS\SYSTEM32\wintypes.dll
0x00007ff8c89c0000 - 0x00007ff8c89ca000 	C:\WINDOWS\SYSTEM32\AVRT.dll
0x00007ff8cb830000 - 0x00007ff8cb85e000 	C:\WINDOWS\system32\dwmapi.dll
0x00007ff8cdfe0000 - 0x00007ff8ce1bb000 	C:\WINDOWS\System32\CRYPT32.dll
0x00007ff8cd000000 - 0x00007ff8cd012000 	C:\WINDOWS\System32\MSASN1.dll
0x00007ff8cc430000 - 0x00007ff8cc463000 	C:\WINDOWS\system32\rsaenh.dll
0x00007ff8cdfb0000 - 0x00007ff8cdfd6000 	C:\WINDOWS\System32\bcrypt.dll
0x00007ff8ccf10000 - 0x00007ff8ccf38000 	C:\WINDOWS\SYSTEM32\USERENV.dll
0x00007ff8cca40000 - 0x00007ff8cca4c000 	C:\WINDOWS\SYSTEM32\CRYPTBASE.dll
0x000000006ebc0000 - 0x000000006ebda000 	C:\Program Files\Java\jre1.8.0_181\bin\net.dll
0x00007ff8cc870000 - 0x00007ff8cc8d7000 	C:\WINDOWS\system32\mswsock.dll
0x00007ff8cc5d0000 - 0x00007ff8cc60d000 	C:\WINDOWS\SYSTEM32\IPHLPAPI.DLL
0x00007ff8cf5c0000 - 0x00007ff8cf5c8000 	C:\WINDOWS\System32\NSI.dll
0x00007ff8c7750000 - 0x00007ff8c7766000 	C:\WINDOWS\SYSTEM32\dhcpcsvc6.DLL
0x00007ff8c7fb0000 - 0x00007ff8c7fcc000 	C:\WINDOWS\SYSTEM32\dhcpcsvc.DLL
0x00007ff8cc610000 - 0x00007ff8cc6d6000 	C:\WINDOWS\SYSTEM32\DNSAPI.dll
0x000000006eba0000 - 0x000000006ebb1000 	C:\Program Files\Java\jre1.8.0_181\bin\nio.dll
0x00007ff8a6150000 - 0x00007ff8a6277000 	C:\WINDOWS\system32\opengl32.dll
0x00007ff8afe10000 - 0x00007ff8afe3c000 	C:\WINDOWS\SYSTEM32\GLU32.dll
0x000000006eb20000 - 0x000000006eb4a000 	C:\Program Files\Java\jre1.8.0_181\bin\dcpr.dll
0x000000006e9e0000 - 0x000000006ea27000 	C:\Program Files\Java\jre1.8.0_181\bin\fontmanager.dll
0x000000006a430000 - 0x000000006a472000 	C:\Program Files\Java\jre1.8.0_181\bin\t2k.dll
0x000000006a380000 - 0x000000006a422000 	C:\Program Files\Java\jre1.8.0_181\bin\mlib_image.dll
0x000000006a340000 - 0x000000006a371000 	C:\Program Files\Java\jre1.8.0_181\bin\jpeg.dll
0x00007ff8c59f0000 - 0x00007ff8c5ba8000 	C:\WINDOWS\SYSTEM32\WindowsCodecs.dll
0x00007ff8ae3b0000 - 0x00007ff8ae406000 	C:\WINDOWS\system32\dataexchange.dll
0x00007ff8cab00000 - 0x00007ff8cacc3000 	C:\WINDOWS\system32\dcomp.dll
0x00007ff8ca280000 - 0x00007ff8ca4fe000 	C:\WINDOWS\system32\d3d11.dll
0x00007ff8cbd70000 - 0x00007ff8cbe32000 	C:\WINDOWS\system32\dxgi.dll
0x00007ff8cb620000 - 0x00007ff8cb82d000 	C:\WINDOWS\system32\twinapi.appcore.dll
0x00007ff8cb860000 - 0x00007ff8cb888000 	C:\WINDOWS\system32\RMCLIENT.dll
0x00007ff8b1030000 - 0x00007ff8b10c5000 	C:\WINDOWS\System32\TextInputFramework.dll
0x00007ff8c62f0000 - 0x00007ff8c6612000 	C:\WINDOWS\System32\CoreUIComponents.dll
0x00007ff8cb090000 - 0x00007ff8cb172000 	C:\WINDOWS\System32\CoreMessaging.dll
0x00007ff8cc0b0000 - 0x00007ff8cc0e1000 	C:\WINDOWS\SYSTEM32\ntmarta.dll
0x000000006eb10000 - 0x000000006eb17000 	C:\Program Files\Java\jre1.8.0_181\bin\jawt.dll
0x00000000203d0000 - 0x000000002040e000 	I:\progIWS\eclipseWS\PBL\proyecto-Ibai\j3dcore-ogl.dll
0x00007ff858e70000 - 0x00007ff859d49000 	C:\WINDOWS\System32\DriverStore\FileRepository\igdlh64.inf_amd64_f507e86e308a4c50\ig9icd64.dll
0x00007ff8c8950000 - 0x00007ff8c8963000 	C:\WINDOWS\SYSTEM32\WTSAPI32.dll
0x00007ff8c1e40000 - 0x00007ff8c3442000 	C:\WINDOWS\System32\DriverStore\FileRepository\igdlh64.inf_amd64_f507e86e308a4c50\igc64.dll
0x00007ff8c70d0000 - 0x00007ff8c710e000 	C:\Program Files\Java\jre1.8.0_181\bin\LeapJava.dll
0x00007ff8c7020000 - 0x00007ff8c70c6000 	C:\WINDOWS\SYSTEM32\MSVCP120.dll
0x00007ff8be410000 - 0x00007ff8be4ff000 	C:\WINDOWS\SYSTEM32\MSVCR120.dll
0x00007ff8824e0000 - 0x00007ff88273e000 	C:\Program Files\Java\jre1.8.0_181\bin\Leap.dll
0x00007ff8b9c30000 - 0x00007ff8b9e1d000 	C:\WINDOWS\SYSTEM32\dbghelp.dll

VM Arguments:
jvm_args: -Dfile.encoding=Cp1252 
java_command: popbl3.MainFrame
java_class_path (initial): I:\progIWS\eclipseWS\PBL\proyecto-Ibai\bin;I:\progIWS\eclipseWS\PBL\proyecto-Ibai\lib\j3dcore.jar;I:\progIWS\eclipseWS\PBL\proyecto-Ibai\lib\j3dutils.jar;I:\progIWS\eclipseWS\PBL\proyecto-Ibai\lib\vecmath.jar;I:\progIWS\eclipseWS\PBL\proyecto-Ibai\lib\LeapJava.jar;I:\progIWS\eclipseWS\PBL\proyecto-Ibai\lib\RXTXcomm.jar;I:\progIWS\eclipseWS\PBL\proyecto-Ibai\lib\substance-4.3.jar;I:\progIWS\eclipseWS\PBL\proyecto-Ibai\lib\jcommon-1.0.23.jar;I:\progIWS\eclipseWS\PBL\proyecto-Ibai\lib\jfreechart-1.0.19.jar;I:\progIWS\eclipseWS\PBL\proyecto-Ibai\lib\jcalendar-1.4.jar
Launcher Type: SUN_STANDARD

Environment Variables:
USERNAME=Aitor
OS=Windows_NT
PROCESSOR_IDENTIFIER=Intel64 Family 6 Model 158 Stepping 9, GenuineIntel



---------------  S Y S T E M  ---------------

OS: Windows 10.0 , 64 bit Build 17763 (10.0.17763.292)

CPU:total 8 (initial active 8) (4 cores per cpu, 2 threads per core) family 6 model 158 stepping 9, cmov, cx8, fxsr, mmx, sse, sse2, sse3, ssse3, sse4.1, sse4.2, popcnt, avx, avx2, aes, clmul, erms, 3dnowpref, lzcnt, ht, tsc, tscinvbit, bmi1, bmi2, adx

Memory: 4k page, physical 16692944k(9308672k free), swap 33470160k(22160524k free)

vm_info: Java HotSpot(TM) 64-Bit Server VM (25.181-b13) for windows-amd64 JRE (1.8.0_181-b13), built on Jul  7 2018 04:01:33 by "java_re" with MS VC++ 10.0 (VS2010)

time: Mon Mar 11 23:47:23 2019
elapsed time: 15 seconds (0d 0h 0m 15s)

