#
# A fatal error has been detected by the Java Runtime Environment:
#
#  EXCEPTION_UNCAUGHT_CXX_EXCEPTION (0xe06d7363) at pc=0x00007ff8cdd65549, pid=11596, tid=0x000000000000133c
#
# JRE version: Java(TM) SE Runtime Environment (8.0_181-b13) (build 1.8.0_181-b13)
# Java VM: Java HotSpot(TM) 64-Bit Server VM (25.181-b13 mixed mode windows-amd64 compressed oops)
# Problematic frame:
# C  [KERNELBASE.dll+0x55549]
#
# Failed to write core dump. Minidumps are not enabled by default on client versions of Windows
#
# If you would like to submit a bug report, please visit:
#   http://bugreport.java.com/bugreport/crash.jsp
# The crash happened outside the Java Virtual Machine in native code.
# See problematic frame for where to report the bug.
#

---------------  T H R E A D  ---------------

Current thread (0x0000000026fb4000):  JavaThread "AWT-EventQueue-0" [_thread_in_native, id=4924, stack(0x0000000023510000,0x0000000023610000)]

siginfo: ExceptionCode=0xe06d7363, ExceptionInformation=0x0000000019930520 0x000000002360da20 0x00007ff8c7161b38 0x00007ff8c7140000 

Registers:
RAX=0x000000006a7f3ded, RBX=0x00007ff8c7161b38, RCX=0x0000000026fb4000, RDX=0x0000000023f10f50
RSP=0x000000002360d880, RBP=0x000000002360d9c0, RSI=0x0000000020db6380, RDI=0x000000002360da20
R8 =0x000000001e708990, R9 =0x0000000000000000, R10=0x0000000026fb4000, R11=0x000000076b36b688
R12=0x0000000000000000, R13=0x0000000028504af8, R14=0x000000002360dbb8, R15=0x0000000026fb4000
RIP=0x00007ff8cdd65549, EFLAGS=0x0000000000000202

Top of Stack: (sp=0x000000002360d880)
0x000000002360d880:   0000000026fb4000 00007ff8c7161b38
0x000000002360d890:   0000000020db6380 000000002360da20
0x000000002360d8a0:   00000001e06d7363 0000000000000000
0x000000002360d8b0:   00007ff8cdd65549 0000000000000004
0x000000002360d8c0:   0000000019930520 000000002360da20
0x000000002360d8d0:   00007ff8c7161b38 00007ff8c7140000
0x000000002360d8e0:   0000000028504af8 0000000000000000
0x000000002360d8f0:   000000002360da20 0000000020db6380
0x000000002360d900:   000000002360d9c0 00007ff8d10848af
0x000000002360d910:   000000002360d9d0 0000000000000000
0x000000002360d920:   0000000000000000 00007ff8c7150d72
0x000000002360d930:   00007ff8c7178000 00007ff8c7140000
0x000000002360d940:   00009b70f902d65e 0000000000000009
0x000000002360d950:   00007ff8c7161b38 00007ff8be46ef53
0x000000002360d960:   000000001fbe90a0 000000002360da20
0x000000002360d970:   0000000000000000 0000000020db6390 

Instructions: (pc=0x00007ff8cdd65549)
0x00007ff8cdd65529:   8b d1 44 0f 47 c0 44 89 44 24 38 49 c1 e0 03 e8
0x00007ff8cdd65539:   3a 44 03 00 48 8d 4c 24 20 48 ff 15 6f 5d 14 00
0x00007ff8cdd65549:   0f 1f 44 00 00 48 8b 8c 24 c0 00 00 00 48 33 cc
0x00007ff8cdd65559:   e8 12 10 03 00 48 81 c4 d8 00 00 00 c3 83 64 24 


Register to memory mapping:

RAX=0x000000006a7f3ded is an unknown value
RBX=0x00007ff8c7161b38 is an unknown value
RCX=0x0000000026fb4000 is a thread
RDX=0x0000000023f10f50 is an unknown value
RSP=0x000000002360d880 is pointing into the stack for thread: 0x0000000026fb4000
RBP=0x000000002360d9c0 is pointing into the stack for thread: 0x0000000026fb4000
RSI=0x0000000020db6380 is an unknown value
RDI=0x000000002360da20 is pointing into the stack for thread: 0x0000000026fb4000
R8 =0x000000001e708990 is an unknown value
R9 =0x0000000000000000 is an unknown value
R10=0x0000000026fb4000 is a thread
R11=0x000000076b36b688 is an oop
[C 
 - klass: {type array char}
 - length: 30
R12=0x0000000000000000 is an unknown value
R13={method} {0x0000000028504b00} 'Controller_addListener' '(JLcom/leapmotion/leap/Controller;JLcom/leapmotion/leap/Listener;)Z' in 'com/leapmotion/leap/LeapJNI'
R14=0x000000002360dbb8 is pointing into the stack for thread: 0x0000000026fb4000
R15=0x0000000026fb4000 is a thread


Stack: [0x0000000023510000,0x0000000023610000],  sp=0x000000002360d880,  free space=1014k
Native frames: (J=compiled Java code, j=interpreted, Vv=VM code, C=native code)
C  [KERNELBASE.dll+0x55549]
C  [MSVCR120.dll+0x5ef53]
C  [LeapJava.dll+0x1c48]
C  [Leap.dll+0x18739]
C  0x0000000002aa1df0

Java frames: (J=compiled Java code, j=interpreted, Vv=VM code)
j  com.leapmotion.leap.LeapJNI.Controller_addListener(JLcom/leapmotion/leap/Controller;JLcom/leapmotion/leap/Listener;)Z+0
j  com.leapmotion.leap.Controller.addListener(Lcom/leapmotion/leap/Listener;)Z+10
j  popbl3.PacienteFrame.<init>(Lpopbl3/Paciente;)V+266
j  popbl3.MainFrame$1.run()V+11
J 1720 C1 java.awt.event.InvocationEvent.dispatch()V (69 bytes) @ 0x00000000030da8d4 [0x00000000030da6c0+0x214]
J 1896 C1 java.awt.EventQueue.dispatchEventImpl(Ljava/awt/AWTEvent;Ljava/lang/Object;)V (149 bytes) @ 0x000000000315e73c [0x000000000315cc00+0x1b3c]
J 1894 C1 java.awt.EventQueue$3.run()Ljava/lang/Void; (60 bytes) @ 0x0000000003158574 [0x0000000003158340+0x234]
J 1634 C1 java.awt.EventQueue$3.run()Ljava/lang/Object; (5 bytes) @ 0x000000000308e914 [0x000000000308e880+0x94]
v  ~StubRoutines::call_stub
J 1428  java.security.AccessController.doPrivileged(Ljava/security/PrivilegedAction;Ljava/security/AccessControlContext;)Ljava/lang/Object; (0 bytes) @ 0x0000000003001026 [0x0000000003000fc0+0x66]
J 1630 C1 java.awt.EventQueue.dispatchEvent(Ljava/awt/AWTEvent;)V (80 bytes) @ 0x0000000003090fc4 [0x0000000003090600+0x9c4]
J 1635 C1 java.awt.EventDispatchThread.pumpOneEventForFilters(I)V (190 bytes) @ 0x000000000308b11c [0x0000000003089f20+0x11fc]
j  java.awt.EventDispatchThread.pumpEventsForFilter(ILjava/awt/Conditional;Ljava/awt/EventFilter;)V+35
j  java.awt.EventDispatchThread.pumpEventsForHierarchy(ILjava/awt/Conditional;Ljava/awt/Component;)V+11
j  java.awt.EventDispatchThread.pumpEvents(ILjava/awt/Conditional;)V+4
j  java.awt.EventDispatchThread.pumpEvents(Ljava/awt/Conditional;)V+3
j  java.awt.EventDispatchThread.run()V+9
v  ~StubRoutines::call_stub

---------------  P R O C E S S  ---------------

Java Threads: ( => current thread )
  0x000000001fdaf000 JavaThread "J3D-Renderer-1" [_thread_blocked, id=9716, stack(0x0000000029620000,0x0000000029720000)]
  0x000000001fdb1800 JavaThread "J3D-MasterControl-1" [_thread_blocked, id=3360, stack(0x0000000029520000,0x0000000029620000)]
  0x000000001fdb0800 JavaThread "J3D-NotificationThread" [_thread_blocked, id=15536, stack(0x0000000029420000,0x0000000029520000)]
  0x000000001fdae800 JavaThread "J3D-TimerThread" [_thread_blocked, id=9808, stack(0x0000000029320000,0x0000000029420000)]
  0x000000001fdad800 JavaThread "J3D-RenderingAttributesStructureUpdateThread" [_thread_blocked, id=260, stack(0x0000000029220000,0x0000000029320000)]
  0x000000001e5e5000 JavaThread "Image Fetcher 3" daemon [_thread_blocked, id=18792, stack(0x0000000029120000,0x0000000029220000)]
  0x000000001e53b000 JavaThread "TimerQueue" daemon [_thread_blocked, id=5328, stack(0x0000000028820000,0x0000000028920000)]
  0x0000000002983000 JavaThread "DestroyJavaVM" [_thread_blocked, id=14388, stack(0x0000000002600000,0x0000000002700000)]
  0x0000000024937800 JavaThread "Laf-Widget fade tracker" [_thread_blocked, id=11296, stack(0x0000000025930000,0x0000000025a30000)]
=>0x0000000026fb4000 JavaThread "AWT-EventQueue-0" [_thread_in_native, id=4924, stack(0x0000000023510000,0x0000000023610000)]
  0x0000000026d3e800 JavaThread "AWT-Shutdown" [_thread_blocked, id=8840, stack(0x0000000023410000,0x0000000023510000)]
  0x000000001ff83800 JavaThread "AWT-Windows" daemon [_thread_in_native, id=3316, stack(0x0000000021340000,0x0000000021440000)]
  0x0000000020445800 JavaThread "Java2D Disposer" daemon [_thread_blocked, id=8776, stack(0x0000000021140000,0x0000000021240000)]
  0x000000001e5c9800 JavaThread "Service Thread" daemon [_thread_blocked, id=18764, stack(0x000000001f610000,0x000000001f710000)]
  0x000000001e611000 JavaThread "C1 CompilerThread3" daemon [_thread_blocked, id=17872, stack(0x000000001f510000,0x000000001f610000)]
  0x000000001e586000 JavaThread "C2 CompilerThread2" daemon [_thread_in_native, id=6820, stack(0x000000001f410000,0x000000001f510000)]
  0x000000001e518800 JavaThread "C2 CompilerThread1" daemon [_thread_blocked, id=4756, stack(0x000000001f310000,0x000000001f410000)]
  0x000000001e518000 JavaThread "C2 CompilerThread0" daemon [_thread_blocked, id=19348, stack(0x000000001f210000,0x000000001f310000)]
  0x000000001e3f4000 JavaThread "JDWP Command Reader" daemon [_thread_in_native, id=17256, stack(0x000000001f110000,0x000000001f210000)]
  0x000000001e3f1000 JavaThread "JDWP Event Helper Thread" daemon [_thread_blocked, id=7108, stack(0x000000001f010000,0x000000001f110000)]
  0x000000001e3f0000 JavaThread "JDWP Transport Listener: dt_socket" daemon [_thread_blocked, id=8276, stack(0x000000001ef10000,0x000000001f010000)]
  0x000000001e3dc800 JavaThread "Attach Listener" daemon [_thread_blocked, id=15072, stack(0x000000001ead0000,0x000000001ebd0000)]
  0x000000001e3db800 JavaThread "Signal Dispatcher" daemon [_thread_blocked, id=13300, stack(0x000000001e9d0000,0x000000001ead0000)]
  0x000000001e3d0800 JavaThread "Finalizer" daemon [_thread_blocked, id=14112, stack(0x000000001e7b0000,0x000000001e8b0000)]
  0x000000001c4dd800 JavaThread "Reference Handler" daemon [_thread_blocked, id=19408, stack(0x000000001e2b0000,0x000000001e3b0000)]

Other Threads:
  0x000000001c4d9000 VMThread [stack: 0x000000001e1b0000,0x000000001e2b0000] [id=4300]
  0x000000001e66d000 WatcherThread [stack: 0x000000001f710000,0x000000001f810000] [id=10272]

VM state:not at safepoint (normal execution)

VM Mutex/Monitor currently owned by a thread: None

Heap:
 PSYoungGen      total 76288K, used 2189K [0x000000076b180000, 0x0000000770680000, 0x00000007c0000000)
  eden space 65536K, 3% used [0x000000076b180000,0x000000076b3a3480,0x000000076f180000)
  from space 10752K, 0% used [0x000000076fc00000,0x000000076fc00000,0x0000000770680000)
  to   space 10752K, 0% used [0x000000076f180000,0x000000076f180000,0x000000076fc00000)
 ParOldGen       total 134656K, used 14207K [0x00000006c1400000, 0x00000006c9780000, 0x000000076b180000)
  object space 134656K, 10% used [0x00000006c1400000,0x00000006c21dff20,0x00000006c9780000)
 Metaspace       used 20997K, capacity 21352K, committed 21552K, reserved 1069056K
  class space    used 2580K, capacity 2688K, committed 2688K, reserved 1048576K

Card table byte_map: [0x0000000011e40000,0x0000000012640000] byte_map_base: 0x000000000e836000

Marking Bits: (ParMarkBitMap*) 0x000000006ae42d00
 Begin Bits: [0x0000000013390000, 0x0000000017340000)
 End Bits:   [0x0000000017340000, 0x000000001b2f0000)

Polling page: 0x0000000000e00000

CodeCache: size=245760Kb used=8103Kb max_used=8117Kb free=237656Kb
 bounds [0x0000000002a80000, 0x0000000003280000, 0x0000000011a80000]
 total_blobs=2777 nmethods=2065 adapters=631
 compilation: enabled

Compilation events (10 events):
Event: 16.894 Thread 0x000000001e611000 nmethod 2278 0x0000000003260550 code [0x0000000003260760, 0x0000000003261748]
Event: 16.894 Thread 0x000000001e518800 2283 %     4       java.awt.image.ReplicateScaleFilter::setPixels @ 149 (229 bytes)
Event: 16.894 Thread 0x000000001e611000 2282   !   3       sun.awt.image.GifImageDecoder::readBytes (44 bytes)
Event: 16.895 Thread 0x000000001e611000 nmethod 2282 0x000000000321c290 code [0x000000000321c400, 0x000000000321c788]
Event: 16.899 Thread 0x000000001e611000 2284       3       org.eclipse.jdt.launching.internal.org.objectweb.asm.MethodWriter::visitFrame (737 bytes)
Event: 16.902 Thread 0x000000001e518000 2286       4       sun.security.provider.SHA::implCompress (491 bytes)
Event: 16.905 Thread 0x000000001e611000 nmethod 2284 0x0000000003274d90 code [0x0000000003275220, 0x0000000003277348]
Event: 16.905 Thread 0x000000001e611000 2285       3       org.eclipse.jdt.launching.internal.org.objectweb.asm.ClassReader::readStackMapFrame (535 bytes)
Event: 16.909 Thread 0x000000001e611000 nmethod 2285 0x0000000002cb91d0 code [0x0000000002cb9440, 0x0000000002cba6b8]
Event: 16.922 Thread 0x000000001e518800 nmethod 2283% 0x000000000325edd0 code [0x000000000325ef40, 0x000000000325fe28]

GC Heap History (10 events):
Event: 3.304 GC heap before
{Heap before GC invocations=1 (full 0):
 PSYoungGen      total 76288K, used 63745K [0x000000076b180000, 0x0000000770680000, 0x00000007c0000000)
  eden space 65536K, 97% used [0x000000076b180000,0x000000076efc07d8,0x000000076f180000)
  from space 10752K, 0% used [0x000000076fc00000,0x000000076fc00000,0x0000000770680000)
  to   space 10752K, 0% used [0x000000076f180000,0x000000076f180000,0x000000076fc00000)
 ParOldGen       total 175104K, used 0K [0x00000006c1400000, 0x00000006cbf00000, 0x000000076b180000)
  object space 175104K, 0% used [0x00000006c1400000,0x00000006c1400000,0x00000006cbf00000)
 Metaspace       used 13469K, capacity 13698K, committed 13824K, reserved 1060864K
  class space    used 1662K, capacity 1738K, committed 1792K, reserved 1048576K
Event: 3.325 GC heap after
Heap after GC invocations=1 (full 0):
 PSYoungGen      total 76288K, used 10722K [0x000000076b180000, 0x0000000770680000, 0x00000007c0000000)
  eden space 65536K, 0% used [0x000000076b180000,0x000000076b180000,0x000000076f180000)
  from space 10752K, 99% used [0x000000076f180000,0x000000076fbf8af8,0x000000076fc00000)
  to   space 10752K, 0% used [0x000000076fc00000,0x000000076fc00000,0x0000000770680000)
 ParOldGen       total 175104K, used 17728K [0x00000006c1400000, 0x00000006cbf00000, 0x000000076b180000)
  object space 175104K, 10% used [0x00000006c1400000,0x00000006c2550140,0x00000006cbf00000)
 Metaspace       used 13469K, capacity 13698K, committed 13824K, reserved 1060864K
  class space    used 1662K, capacity 1738K, committed 1792K, reserved 1048576K
}
Event: 4.312 GC heap before
{Heap before GC invocations=2 (full 0):
 PSYoungGen      total 76288K, used 76258K [0x000000076b180000, 0x0000000770680000, 0x00000007c0000000)
  eden space 65536K, 100% used [0x000000076b180000,0x000000076f180000,0x000000076f180000)
  from space 10752K, 99% used [0x000000076f180000,0x000000076fbf8af8,0x000000076fc00000)
  to   space 10752K, 0% used [0x000000076fc00000,0x000000076fc00000,0x0000000770680000)
 ParOldGen       total 175104K, used 17728K [0x00000006c1400000, 0x00000006cbf00000, 0x000000076b180000)
  object space 175104K, 10% used [0x00000006c1400000,0x00000006c2550140,0x00000006cbf00000)
 Metaspace       used 13509K, capacity 13762K, committed 13824K, reserved 1060864K
  class space    used 1664K, capacity 1738K, committed 1792K, reserved 1048576K
Event: 4.328 GC heap after
Heap after GC invocations=2 (full 0):
 PSYoungGen      total 76288K, used 10514K [0x000000076b180000, 0x0000000774680000, 0x00000007c0000000)
  eden space 65536K, 0% used [0x000000076b180000,0x000000076b180000,0x000000076f180000)
  from space 10752K, 97% used [0x000000076fc00000,0x00000007706448b0,0x0000000770680000)
  to   space 10752K, 0% used [0x000000076f180000,0x000000076f180000,0x000000076fc00000)
 ParOldGen       total 175104K, used 42036K [0x00000006c1400000, 0x00000006cbf00000, 0x000000076b180000)
  object space 175104K, 24% used [0x00000006c1400000,0x00000006c3d0d170,0x00000006cbf00000)
 Metaspace       used 13509K, capacity 13762K, committed 13824K, reserved 1060864K
  class space    used 1664K, capacity 1738K, committed 1792K, reserved 1048576K
}
Event: 14.847 GC heap before
{Heap before GC invocations=3 (full 0):
 PSYoungGen      total 76288K, used 76050K [0x000000076b180000, 0x0000000774680000, 0x00000007c0000000)
  eden space 65536K, 100% used [0x000000076b180000,0x000000076f180000,0x000000076f180000)
  from space 10752K, 97% used [0x000000076fc00000,0x00000007706448b0,0x0000000770680000)
  to   space 10752K, 0% used [0x000000076f180000,0x000000076f180000,0x000000076fc00000)
 ParOldGen       total 175104K, used 42036K [0x00000006c1400000, 0x00000006cbf00000, 0x000000076b180000)
  object space 175104K, 24% used [0x00000006c1400000,0x00000006c3d0d170,0x00000006cbf00000)
 Metaspace       used 20099K, capacity 20416K, committed 20608K, reserved 1067008K
  class space    used 2506K, capacity 2592K, committed 2688K, reserved 1048576K
Event: 14.861 GC heap after
Heap after GC invocations=3 (full 0):
 PSYoungGen      total 76288K, used 7618K [0x000000076b180000, 0x0000000770680000, 0x00000007c0000000)
  eden space 65536K, 0% used [0x000000076b180000,0x000000076b180000,0x000000076f180000)
  from space 10752K, 70% used [0x000000076f180000,0x000000076f8f0be0,0x000000076fc00000)
  to   space 10752K, 0% used [0x000000076fc00000,0x000000076fc00000,0x0000000770680000)
 ParOldGen       total 175104K, used 42044K [0x00000006c1400000, 0x00000006cbf00000, 0x000000076b180000)
  object space 175104K, 24% used [0x00000006c1400000,0x00000006c3d0f170,0x00000006cbf00000)
 Metaspace       used 20099K, capacity 20416K, committed 20608K, reserved 1067008K
  class space    used 2506K, capacity 2592K, committed 2688K, reserved 1048576K
}
Event: 16.807 GC heap before
{Heap before GC invocations=4 (full 0):
 PSYoungGen      total 76288K, used 18221K [0x000000076b180000, 0x0000000770680000, 0x00000007c0000000)
  eden space 65536K, 16% used [0x000000076b180000,0x000000076bbdaae8,0x000000076f180000)
  from space 10752K, 70% used [0x000000076f180000,0x000000076f8f0be0,0x000000076fc00000)
  to   space 10752K, 0% used [0x000000076fc00000,0x000000076fc00000,0x0000000770680000)
 ParOldGen       total 175104K, used 42044K [0x00000006c1400000, 0x00000006cbf00000, 0x000000076b180000)
  object space 175104K, 24% used [0x00000006c1400000,0x00000006c3d0f170,0x00000006cbf00000)
 Metaspace       used 20851K, capacity 21128K, committed 21296K, reserved 1069056K
  class space    used 2573K, capacity 2656K, committed 2688K, reserved 1048576K
Event: 16.819 GC heap after
Heap after GC invocations=4 (full 0):
 PSYoungGen      total 76288K, used 6716K [0x000000076b180000, 0x0000000770680000, 0x00000007c0000000)
  eden space 65536K, 0% used [0x000000076b180000,0x000000076b180000,0x000000076f180000)
  from space 10752K, 62% used [0x000000076fc00000,0x000000077028f2e8,0x0000000770680000)
  to   space 10752K, 0% used [0x000000076f180000,0x000000076f180000,0x000000076fc00000)
 ParOldGen       total 175104K, used 42052K [0x00000006c1400000, 0x00000006cbf00000, 0x000000076b180000)
  object space 175104K, 24% used [0x00000006c1400000,0x00000006c3d11170,0x00000006cbf00000)
 Metaspace       used 20851K, capacity 21128K, committed 21296K, reserved 1069056K
  class space    used 2573K, capacity 2656K, committed 2688K, reserved 1048576K
}
Event: 16.819 GC heap before
{Heap before GC invocations=5 (full 1):
 PSYoungGen      total 76288K, used 6716K [0x000000076b180000, 0x0000000770680000, 0x00000007c0000000)
  eden space 65536K, 0% used [0x000000076b180000,0x000000076b180000,0x000000076f180000)
  from space 10752K, 62% used [0x000000076fc00000,0x000000077028f2e8,0x0000000770680000)
  to   space 10752K, 0% used [0x000000076f180000,0x000000076f180000,0x000000076fc00000)
 ParOldGen       total 175104K, used 42052K [0x00000006c1400000, 0x00000006cbf00000, 0x000000076b180000)
  object space 175104K, 24% used [0x00000006c1400000,0x00000006c3d11170,0x00000006cbf00000)
 Metaspace       used 20851K, capacity 21128K, committed 21296K, reserved 1069056K
  class space    used 2573K, capacity 2656K, committed 2688K, reserved 1048576K
Event: 16.881 GC heap after
Heap after GC invocations=5 (full 1):
 PSYoungGen      total 76288K, used 0K [0x000000076b180000, 0x0000000770680000, 0x00000007c0000000)
  eden space 65536K, 0% used [0x000000076b180000,0x000000076b180000,0x000000076f180000)
  from space 10752K, 0% used [0x000000076fc00000,0x000000076fc00000,0x0000000770680000)
  to   space 10752K, 0% used [0x000000076f180000,0x000000076f180000,0x000000076fc00000)
 ParOldGen       total 134656K, used 14207K [0x00000006c1400000, 0x00000006c9780000, 0x000000076b180000)
  object space 134656K, 10% used [0x00000006c1400000,0x00000006c21dff20,0x00000006c9780000)
 Metaspace       used 20851K, capacity 21128K, committed 21296K, reserved 1069056K
  class space    used 2573K, capacity 2656K, committed 2688K, reserved 1048576K
}

Deoptimization events (10 events):
Event: 8.061 Thread 0x0000000026fb4000 Uncommon trap: reason=bimorphic action=maybe_recompile pc=0x0000000002ffa584 method=java.util.Hashtable.get(Ljava/lang/Object;)Ljava/lang/Object; @ 45
Event: 9.111 Thread 0x0000000026fb4000 Uncommon trap: reason=unstable_if action=reinterpret pc=0x0000000002eac244 method=java.lang.StrictMath.floorOrCeil(DDDD)D @ 115
Event: 14.260 Thread 0x0000000026fb4000 Uncommon trap: reason=predicate action=maybe_recompile pc=0x0000000002f521f0 method=sun.net.www.ParseUtil.encodePath(Ljava/lang/String;Z)Ljava/lang/String; @ 36
Event: 14.272 Thread 0x0000000026fb4000 Uncommon trap: reason=unstable_if action=reinterpret pc=0x000000000309c504 method=org.eclipse.jdt.launching.internal.org.objectweb.asm.ClassReader.readCode(Lorg/eclipse/jdt/launching/internal/org/objectweb/asm/MethodVisitor;Lorg/eclipse/jdt/launching/inte
Event: 14.273 Thread 0x0000000026fb4000 Uncommon trap: reason=unstable_if action=reinterpret pc=0x0000000002ef4a28 method=org.eclipse.jdt.launching.internal.org.objectweb.asm.ClassReader.readCode(Lorg/eclipse/jdt/launching/internal/org/objectweb/asm/MethodVisitor;Lorg/eclipse/jdt/launching/inte
Event: 14.277 Thread 0x0000000026fb4000 Uncommon trap: reason=unstable_if action=reinterpret pc=0x0000000002c497c0 method=org.eclipse.jdt.launching.internal.org.objectweb.asm.ClassReader.readUTF(II[C)Ljava/lang/String; @ 41
Event: 14.392 Thread 0x0000000026fb4000 Uncommon trap: reason=class_check action=maybe_recompile pc=0x00000000030485c0 method=java.util.TreeMap.getEntry(Ljava/lang/Object;)Ljava/util/TreeMap$Entry; @ 26
Event: 14.472 Thread 0x0000000026fb4000 Uncommon trap: reason=unstable_if action=reinterpret pc=0x000000000304284c method=java.lang.Integer.equals(Ljava/lang/Object;)Z @ 18
Event: 14.524 Thread 0x0000000026fb4000 Uncommon trap: reason=unstable_if action=reinterpret pc=0x00000000031476a8 method=java.awt.GradientPaintContext.<init>(Ljava/awt/image/ColorModel;Ljava/awt/geom/Point2D;Ljava/awt/geom/Point2D;Ljava/awt/geom/AffineTransform;Ljava/awt/Color;Ljava/awt/Color;
Event: 14.654 Thread 0x0000000026fb4000 Uncommon trap: reason=unstable_if action=reinterpret pc=0x0000000002ffcfe4 method=javax.swing.UIDefaults.getFromHashtable(Ljava/lang/Object;)Ljava/lang/Object; @ 17

Classes redefined (0 events):
No events

Internal exceptions (10 events):
Event: 0.764 Thread 0x0000000002983000 Exception <a 'java/io/FileNotFoundException'> (0x000000076b961c20) thrown at [C:\re\workspace\8-2-build-windows-amd64-cygwin\jdk8u181\11358\hotspot\src\share\vm\prims\jni.cpp, line 709]
Event: 0.837 Thread 0x0000000002983000 Exception <a 'java/lang/NoSuchFieldError': method resolution failed> (0x000000076ba87bd0) thrown at [C:\re\workspace\8-2-build-windows-amd64-cygwin\jdk8u181\11358\hotspot\src\share\vm\prims\methodHandles.cpp, line 1167]
Event: 0.844 Thread 0x0000000002983000 Exception <a 'java/lang/NoSuchFieldError': method resolution failed> (0x000000076ba959e8) thrown at [C:\re\workspace\8-2-build-windows-amd64-cygwin\jdk8u181\11358\hotspot\src\share\vm\prims\methodHandles.cpp, line 1167]
Event: 1.889 Thread 0x0000000002983000 Exception <a 'java/io/FileNotFoundException'> (0x000000076c4c6dd8) thrown at [C:\re\workspace\8-2-build-windows-amd64-cygwin\jdk8u181\11358\hotspot\src\share\vm\prims\jni.cpp, line 709]
Event: 2.969 Thread 0x0000000002983000 Implicit null exception at 0x0000000002de527e to 0x0000000002de5bc9
Event: 4.548 Thread 0x0000000002983000 Implicit null exception at 0x0000000002d25d19 to 0x0000000002d26211
Event: 4.549 Thread 0x0000000002983000 Implicit null exception at 0x0000000002cda396 to 0x0000000002cda84d
Event: 16.885 Thread 0x000000001e5e5000 Exception <a 'java/lang/InterruptedException': sleep interrupted> (0x000000076b1bb840) thrown at [C:\re\workspace\8-2-build-windows-amd64-cygwin\jdk8u181\11358\hotspot\src\share\vm\prims\jvm.cpp, line 3225]
Event: 16.896 Thread 0x000000001e5e5000 Exception <a 'java/lang/InterruptedException': sleep interrupted> (0x000000076b2e5c88) thrown at [C:\re\workspace\8-2-build-windows-amd64-cygwin\jdk8u181\11358\hotspot\src\share\vm\prims\jvm.cpp, line 3225]
Event: 16.922 Thread 0x0000000026fb4000 Exception <a 'java/lang/NullPointerException'> (0x000000076b36b468) thrown at [C:\re\workspace\8-2-build-windows-amd64-cygwin\jdk8u181\11358\hotspot\src\share\vm\interpreter\linkResolver.cpp, line 1185]

Events (10 events):
Event: 16.921 Executing VM operation: RevokeBias
Event: 16.921 Executing VM operation: RevokeBias done
Event: 16.922 loading class org/jvnet/substance/SubstanceListUI$CellRepaintCallback$1
Event: 16.922 loading class org/jvnet/substance/SubstanceListUI$CellRepaintCallback$1 done
Event: 16.922 Thread 0x0000000024937800 DEOPT PACKING pc=0x0000000002d2dbc9 sp=0x0000000025a2e2a0
Event: 16.922 Thread 0x0000000024937800 DEOPT UNPACKING pc=0x0000000002ac7890 sp=0x0000000025a2dff0 mode 1
Event: 16.922 Thread 0x0000000024937800 DEOPT PACKING pc=0x0000000002cc71f4 sp=0x0000000025a2e320
Event: 16.922 Thread 0x0000000024937800 DEOPT UNPACKING pc=0x0000000002ac7890 sp=0x0000000025a2e140 mode 1
Event: 16.922 Thread 0x0000000024937800 DEOPT PACKING pc=0x0000000002cc6f8c sp=0x0000000025a2e4b0
Event: 16.922 Thread 0x0000000024937800 DEOPT UNPACKING pc=0x0000000002ac7890 sp=0x0000000025a2e2d0 mode 1


Dynamic libraries:
0x00007ff7921e0000 - 0x00007ff792217000 	C:\Program Files\Java\jre1.8.0_181\bin\javaw.exe
0x00007ff8d1010000 - 0x00007ff8d11fd000 	C:\WINDOWS\SYSTEM32\ntdll.dll
0x00007ff8ce730000 - 0x00007ff8ce7e3000 	C:\WINDOWS\System32\KERNEL32.DLL
0x00007ff8cdd10000 - 0x00007ff8cdfa3000 	C:\WINDOWS\System32\KERNELBASE.dll
0x00007ff8cf420000 - 0x00007ff8cf4c3000 	C:\WINDOWS\System32\ADVAPI32.dll
0x00007ff8cf050000 - 0x00007ff8cf0ee000 	C:\WINDOWS\System32\msvcrt.dll
0x00007ff8ce690000 - 0x00007ff8ce72e000 	C:\WINDOWS\System32\sechost.dll
0x00007ff8ceec0000 - 0x00007ff8cefe2000 	C:\WINDOWS\System32\RPCRT4.dll
0x00007ff8ce8e0000 - 0x00007ff8cea77000 	C:\WINDOWS\System32\USER32.dll
0x00007ff8cd0b0000 - 0x00007ff8cd0d0000 	C:\WINDOWS\System32\win32u.dll
0x00007ff8d0f80000 - 0x00007ff8d0fa9000 	C:\WINDOWS\System32\GDI32.dll
0x00007ff8cd2d0000 - 0x00007ff8cd46a000 	C:\WINDOWS\System32\gdi32full.dll
0x00007ff8cdbc0000 - 0x00007ff8cdc60000 	C:\WINDOWS\System32\msvcp_win.dll
0x00007ff8cd1b0000 - 0x00007ff8cd2ac000 	C:\WINDOWS\System32\ucrtbase.dll
0x00007ff8b7640000 - 0x00007ff8b78b9000 	C:\WINDOWS\WinSxS\amd64_microsoft.windows.common-controls_6595b64144ccf1df_6.0.17763.316_none_05b53be2071f46b6\COMCTL32.dll
0x00007ff8cf0f0000 - 0x00007ff8cf41d000 	C:\WINDOWS\System32\combase.dll
0x00007ff8cd130000 - 0x00007ff8cd1ae000 	C:\WINDOWS\System32\bcryptPrimitives.dll
0x00007ff8ce8b0000 - 0x00007ff8ce8de000 	C:\WINDOWS\System32\IMM32.DLL
0x00000000698e0000 - 0x00000000699b2000 	C:\Program Files\Java\jre1.8.0_181\bin\msvcr100.dll
0x000000006a620000 - 0x000000006aec2000 	C:\Program Files\Java\jre1.8.0_181\bin\server\jvm.dll
0x00007ff8cf530000 - 0x00007ff8cf538000 	C:\WINDOWS\System32\PSAPI.DLL
0x00007ff8c6840000 - 0x00007ff8c684a000 	C:\WINDOWS\SYSTEM32\VERSION.dll
0x00007ff8c86b0000 - 0x00007ff8c86d4000 	C:\WINDOWS\SYSTEM32\WINMM.dll
0x00007ff8c18f0000 - 0x00007ff8c18f9000 	C:\WINDOWS\SYSTEM32\WSOCK32.dll
0x00007ff8cf5d0000 - 0x00007ff8cf63d000 	C:\WINDOWS\System32\WS2_32.dll
0x00007ff8c8560000 - 0x00007ff8c858d000 	C:\WINDOWS\SYSTEM32\winmmbase.dll
0x00007ff8ce1c0000 - 0x00007ff8ce20a000 	C:\WINDOWS\System32\cfgmgr32.dll
0x000000006ec30000 - 0x000000006ec3f000 	C:\Program Files\Java\jre1.8.0_181\bin\verify.dll
0x000000006ec00000 - 0x000000006ec29000 	C:\Program Files\Java\jre1.8.0_181\bin\java.dll
0x00000000698a0000 - 0x00000000698d5000 	C:\Program Files\Java\jre1.8.0_181\bin\jdwp.dll
0x000000006e9e0000 - 0x000000006e9e8000 	C:\Program Files\Java\jre1.8.0_181\bin\npt.dll
0x0000000069870000 - 0x0000000069893000 	C:\Program Files\Java\jre1.8.0_181\bin\instrument.dll
0x000000006ebe0000 - 0x000000006ebf6000 	C:\Program Files\Java\jre1.8.0_181\bin\zip.dll
0x00007ff8cf7d0000 - 0x00007ff8d0cbf000 	C:\WINDOWS\System32\SHELL32.dll
0x00007ff8ce800000 - 0x00007ff8ce8a8000 	C:\WINDOWS\System32\shcore.dll
0x00007ff8cd470000 - 0x00007ff8cdbba000 	C:\WINDOWS\System32\windows.storage.dll
0x00007ff8cd080000 - 0x00007ff8cd0a4000 	C:\WINDOWS\System32\profapi.dll
0x00007ff8cd020000 - 0x00007ff8cd07d000 	C:\WINDOWS\System32\powrprof.dll
0x00007ff8cf640000 - 0x00007ff8cf692000 	C:\WINDOWS\System32\shlwapi.dll
0x00007ff8ccfe0000 - 0x00007ff8ccff1000 	C:\WINDOWS\System32\kernel.appcore.dll
0x00007ff8cd2b0000 - 0x00007ff8cd2c7000 	C:\WINDOWS\System32\cryptsp.dll
0x0000000069860000 - 0x0000000069869000 	C:\Program Files\Java\jre1.8.0_181\bin\dt_socket.dll
0x00007ff8b1400000 - 0x00007ff8b1416000 	C:\WINDOWS\system32\napinsp.dll
0x00007ff8b1320000 - 0x00007ff8b133a000 	C:\WINDOWS\system32\pnrpnsp.dll
0x00007ff8cc870000 - 0x00007ff8cc8d7000 	C:\WINDOWS\System32\mswsock.dll
0x00007ff8cc610000 - 0x00007ff8cc6d6000 	C:\WINDOWS\SYSTEM32\DNSAPI.dll
0x00007ff8cf5c0000 - 0x00007ff8cf5c8000 	C:\WINDOWS\System32\NSI.dll
0x00007ff8cc5d0000 - 0x00007ff8cc60d000 	C:\WINDOWS\SYSTEM32\IPHLPAPI.DLL
0x00007ff8b1310000 - 0x00007ff8b131e000 	C:\WINDOWS\System32\winrnr.dll
0x00007ff8c9c50000 - 0x00007ff8c9c6b000 	C:\WINDOWS\system32\NLAapi.dll
0x00007ff8b12d0000 - 0x00007ff8b12e5000 	C:\WINDOWS\system32\wshbth.dll
0x00007ff8c3d00000 - 0x00007ff8c3d79000 	C:\WINDOWS\System32\fwpuclnt.dll
0x00007ff8cdfb0000 - 0x00007ff8cdfd6000 	C:\WINDOWS\System32\bcrypt.dll
0x00007ff8c18e0000 - 0x00007ff8c18ea000 	C:\Windows\System32\rasadhlp.dll
0x00000000696c0000 - 0x0000000069859000 	C:\Program Files\Java\jre1.8.0_181\bin\awt.dll
0x00007ff8cea80000 - 0x00007ff8ceb4b000 	C:\WINDOWS\System32\OLEAUT32.dll
0x00007ff8cb2a0000 - 0x00007ff8cb32c000 	C:\WINDOWS\SYSTEM32\apphelp.dll
0x00007ff8cb550000 - 0x00007ff8cb5ec000 	C:\WINDOWS\system32\uxtheme.dll
0x00007ff8ced50000 - 0x00007ff8ceeba000 	C:\WINDOWS\System32\MSCTF.dll
0x00007ff88aa60000 - 0x00007ff88aa99000 	C:\Program Files\Nahimic\Nahimic2\UserInterface\x64\Nahimic2DevProps.dll
0x00007ff8ceb70000 - 0x00007ff8cecc5000 	C:\WINDOWS\System32\ole32.dll
0x00007ff88b3f0000 - 0x00007ff88b43e000 	C:\Program Files\Nahimic\Nahimic2\UserInterface\x64\Nahimic2OSD.dll
0x00007ff8d0cc0000 - 0x00007ff8d0d62000 	C:\WINDOWS\System32\clbcatq.dll
0x00007ff8c69a0000 - 0x00007ff8c6a10000 	C:\WINDOWS\System32\MMDevApi.dll
0x00007ff8c9310000 - 0x00007ff8c94b8000 	C:\WINDOWS\System32\PROPSYS.dll
0x00007ff8ccdf0000 - 0x00007ff8cce19000 	C:\WINDOWS\System32\DEVOBJ.dll
0x00007ff8c6a10000 - 0x00007ff8c6b58000 	C:\WINDOWS\SYSTEM32\AUDIOSES.DLL
0x00007ff8c9060000 - 0x00007ff8c91b3000 	C:\WINDOWS\SYSTEM32\wintypes.dll
0x00007ff8c89c0000 - 0x00007ff8c89ca000 	C:\WINDOWS\SYSTEM32\AVRT.dll
0x00007ff8cb830000 - 0x00007ff8cb85e000 	C:\WINDOWS\system32\dwmapi.dll
0x00007ff8cdfe0000 - 0x00007ff8ce1bb000 	C:\WINDOWS\System32\CRYPT32.dll
0x00007ff8cd000000 - 0x00007ff8cd012000 	C:\WINDOWS\System32\MSASN1.dll
0x00007ff8cc430000 - 0x00007ff8cc463000 	C:\WINDOWS\system32\rsaenh.dll
0x00007ff8ccf10000 - 0x00007ff8ccf38000 	C:\WINDOWS\SYSTEM32\USERENV.dll
0x00007ff8cca40000 - 0x00007ff8cca4c000 	C:\WINDOWS\SYSTEM32\CRYPTBASE.dll
0x000000006ebc0000 - 0x000000006ebda000 	C:\Program Files\Java\jre1.8.0_181\bin\net.dll
0x00007ff8c7750000 - 0x00007ff8c7766000 	C:\WINDOWS\SYSTEM32\dhcpcsvc6.DLL
0x00007ff8c7fb0000 - 0x00007ff8c7fcc000 	C:\WINDOWS\SYSTEM32\dhcpcsvc.DLL
0x000000006eba0000 - 0x000000006ebb1000 	C:\Program Files\Java\jre1.8.0_181\bin\nio.dll
0x00007ff8a6150000 - 0x00007ff8a6277000 	C:\WINDOWS\system32\opengl32.dll
0x00007ff8afe10000 - 0x00007ff8afe3c000 	C:\WINDOWS\SYSTEM32\GLU32.dll
0x0000000069690000 - 0x00000000696ba000 	C:\Program Files\Java\jre1.8.0_181\bin\dcpr.dll
0x0000000069640000 - 0x0000000069687000 	C:\Program Files\Java\jre1.8.0_181\bin\fontmanager.dll
0x00000000695f0000 - 0x0000000069632000 	C:\Program Files\Java\jre1.8.0_181\bin\t2k.dll
0x0000000069540000 - 0x00000000695e2000 	C:\Program Files\Java\jre1.8.0_181\bin\mlib_image.dll
0x0000000069500000 - 0x0000000069531000 	C:\Program Files\Java\jre1.8.0_181\bin\jpeg.dll
0x00007ff8c59f0000 - 0x00007ff8c5ba8000 	C:\WINDOWS\SYSTEM32\WindowsCodecs.dll
0x00007ff8ae3b0000 - 0x00007ff8ae406000 	C:\WINDOWS\system32\dataexchange.dll
0x00007ff8ca280000 - 0x00007ff8ca4fe000 	C:\WINDOWS\system32\d3d11.dll
0x00007ff8cab00000 - 0x00007ff8cacc3000 	C:\WINDOWS\system32\dcomp.dll
0x00007ff8cbd70000 - 0x00007ff8cbe32000 	C:\WINDOWS\system32\dxgi.dll
0x00007ff8cb620000 - 0x00007ff8cb82d000 	C:\WINDOWS\system32\twinapi.appcore.dll
0x00007ff8cb860000 - 0x00007ff8cb888000 	C:\WINDOWS\system32\RMCLIENT.dll
0x00007ff8b1030000 - 0x00007ff8b10c5000 	C:\WINDOWS\System32\TextInputFramework.dll
0x00007ff8cb090000 - 0x00007ff8cb172000 	C:\WINDOWS\System32\CoreMessaging.dll
0x00007ff8c62f0000 - 0x00007ff8c6612000 	C:\WINDOWS\System32\CoreUIComponents.dll
0x00007ff8cc0b0000 - 0x00007ff8cc0e1000 	C:\WINDOWS\SYSTEM32\ntmarta.dll
0x00000000694f0000 - 0x00000000694f7000 	C:\Program Files\Java\jre1.8.0_181\bin\jawt.dll
0x00000000212f0000 - 0x000000002132e000 	I:\progIWS\eclipseWS\PBL\proyecto-Ibai\j3dcore-ogl.dll
0x000000006bce0000 - 0x000000006e3a0000 	C:\WINDOWS\System32\DriverStore\FileRepository\nvmii.inf_amd64_b9b91ef48989f9cb\nvoglv64.dll
0x0000000029720000 - 0x0000000029b95000 	C:\WINDOWS\System32\SETUPAPI.dll
0x00007ff8c8950000 - 0x00007ff8c8963000 	C:\WINDOWS\SYSTEM32\WTSAPI32.dll
0x00007ff8cd0d0000 - 0x00007ff8cd128000 	C:\WINDOWS\System32\WINTRUST.dll
0x00007ff88cc60000 - 0x00007ff88cf07000 	C:\WINDOWS\system32\nvspcap64.dll
0x00007ff8b9c30000 - 0x00007ff8b9e1d000 	C:\WINDOWS\SYSTEM32\dbghelp.dll
0x00007ff8bad80000 - 0x00007ff8badaa000 	C:\WINDOWS\SYSTEM32\dbgcore.DLL
0x00007ff8cc120000 - 0x00007ff8cc178000 	C:\WINDOWS\SYSTEM32\WINSTA.dll
0x00007ff8981e0000 - 0x00007ff8982ce000 	C:\WINDOWS\System32\DriverStore\FileRepository\nvmii.inf_amd64_b9b91ef48989f9cb\nvldumdx.dll
0x00007ff8ceb50000 - 0x00007ff8ceb6d000 	C:\WINDOWS\System32\imagehlp.dll
0x00007ff86b010000 - 0x00007ff86d455000 	C:\WINDOWS\System32\DriverStore\FileRepository\nvmii.inf_amd64_b9b91ef48989f9cb\nvwgf2umx.dll
0x00007ff8c1340000 - 0x00007ff8c1842000 	C:\WINDOWS\system32\nvapi64.dll
0x00007ff8c7140000 - 0x00007ff8c717e000 	C:\Program Files\Java\jre1.8.0_181\bin\LeapJava.dll
0x00007ff8be410000 - 0x00007ff8be4ff000 	C:\WINDOWS\SYSTEM32\MSVCR120.dll
0x00007ff8c7090000 - 0x00007ff8c7136000 	C:\WINDOWS\SYSTEM32\MSVCP120.dll
0x00007ff858850000 - 0x00007ff858aae000 	C:\Program Files\Java\jre1.8.0_181\bin\Leap.dll

VM Arguments:
jvm_args: -agentlib:jdwp=transport=dt_socket,suspend=y,address=localhost:51981 -javaagent:C:\Users\aitor\eclipse\java-photon\eclipse\configuration\org.eclipse.osgi\717\0\.cp\lib\javaagent-shaded.jar -Dfile.encoding=Cp1252 
java_command: popbl3.MainFrame
java_class_path (initial): I:\progIWS\eclipseWS\PBL\proyecto-Ibai\bin;I:\progIWS\eclipseWS\PBL\proyecto-Ibai\lib\j3dcore.jar;I:\progIWS\eclipseWS\PBL\proyecto-Ibai\lib\j3dutils.jar;I:\progIWS\eclipseWS\PBL\proyecto-Ibai\lib\vecmath.jar;I:\progIWS\eclipseWS\PBL\proyecto-Ibai\lib\LeapJava.jar;I:\progIWS\eclipseWS\PBL\proyecto-Ibai\lib\RXTXcomm.jar;I:\progIWS\eclipseWS\PBL\proyecto-Ibai\lib\substance-4.3.jar;I:\progIWS\eclipseWS\PBL\proyecto-Ibai\lib\jcommon-1.0.23.jar;I:\progIWS\eclipseWS\PBL\proyecto-Ibai\lib\jfreechart-1.0.19.jar;I:\progIWS\eclipseWS\PBL\proyecto-Ibai\lib\jcalendar-1.4.jar;C:\Users\aitor\eclipse\java-photon\eclipse\configuration\org.eclipse.osgi\717\0\.cp\lib\javaagent-shaded.jar
Launcher Type: SUN_STANDARD

Environment Variables:
USERNAME=Aitor
OS=Windows_NT
PROCESSOR_IDENTIFIER=Intel64 Family 6 Model 158 Stepping 9, GenuineIntel



---------------  S Y S T E M  ---------------

OS: Windows 10.0 , 64 bit Build 17763 (10.0.17763.292)

CPU:total 8 (initial active 8) (4 cores per cpu, 2 threads per core) family 6 model 158 stepping 9, cmov, cx8, fxsr, mmx, sse, sse2, sse3, ssse3, sse4.1, sse4.2, popcnt, avx, avx2, aes, clmul, erms, 3dnowpref, lzcnt, ht, tsc, tscinvbit, bmi1, bmi2, adx

Memory: 4k page, physical 16692944k(7038284k free), swap 33470160k(19931064k free)

vm_info: Java HotSpot(TM) 64-Bit Server VM (25.181-b13) for windows-amd64 JRE (1.8.0_181-b13), built on Jul  7 2018 04:01:33 by "java_re" with MS VC++ 10.0 (VS2010)

time: Mon Mar 11 23:43:51 2019
elapsed time: 17 seconds (0d 0h 0m 17s)

